1722074799.986386 2024-07-27 18:06:39 MainProcess-1010379 MainThread-139743636350784 parsl.dataflow.dflow:98 __init__ INFO: Starting DataFlowKernel with config
Config(
    app_cache=True, 
    checkpoint_files=None, 
    checkpoint_mode=None, 
    checkpoint_period=None, 
    dependency_resolver=None, 
    executors=(ThreadPoolExecutor(
        label='threads', 
        max_threads=2, 
        storage_access=None, 
        thread_name_prefix='', 
        working_dir=None
    ),), 
    exit_mode='cleanup', 
    garbage_collect=True, 
    initialize_logging=True, 
    internal_tasks_max_threads=10, 
    max_idletime=120.0, 
    monitoring=None, 
    retries=0, 
    retry_handler=None, 
    run_dir='runinfo', 
    std_autopath=None, 
    strategy='simple', 
    strategy_period=5, 
    usage_tracking=0
)
1722074799.986545 2024-07-27 18:06:39 MainProcess-1010379 MainThread-139743636350784 parsl.dataflow.dflow:100 __init__ INFO: Parsl version: 2024.07.22
1722074799.986641 2024-07-27 18:06:39 MainProcess-1010379 MainThread-139743636350784 parsl.usage_tracking.usage:118 __init__ DEBUG: Tracking level: 0
1722074799.986724 2024-07-27 18:06:39 MainProcess-1010379 MainThread-139743636350784 parsl.dataflow.dflow:128 __init__ INFO: Run id is: af9f5822-18ab-4447-8e7c-ccccc3c58d9d
1722074800.047030 2024-07-27 18:06:40 MainProcess-1010379 MainThread-139743636350784 parsl.dataflow.dflow:135 __init__ DEBUG: Considering candidate for workflow name: /home/ubuntu/miniconda3/envs/parsl/lib/python3.9/site-packages/parsl/dataflow/dflow.py
1722074800.047092 2024-07-27 18:06:40 MainProcess-1010379 MainThread-139743636350784 parsl.dataflow.dflow:135 __init__ DEBUG: Considering candidate for workflow name: /home/ubuntu/miniconda3/envs/parsl/lib/python3.9/site-packages/parsl/dataflow/dflow.py
1722074800.047138 2024-07-27 18:06:40 MainProcess-1010379 MainThread-139743636350784 parsl.dataflow.dflow:135 __init__ DEBUG: Considering candidate for workflow name: /home/ubuntu/data/test/parsl_pro/parsl_script.py
1722074800.047179 2024-07-27 18:06:40 MainProcess-1010379 MainThread-139743636350784 parsl.dataflow.dflow:141 __init__ DEBUG: Using parsl_script.py as workflow name
1722074800.047307 2024-07-27 18:06:40 MainProcess-1010379 MainThread-139743636350784 parsl.dataflow.memoization:163 __init__ INFO: App caching initialized
1722074800.047368 2024-07-27 18:06:40 MainProcess-1010379 MainThread-139743636350784 parsl.jobs.strategy:145 __init__ DEBUG: Scaling strategy: simple
1722074800.050047 2024-07-27 18:06:40 MainProcess-1010379 MainThread-139743636350784 parsl.dataflow.dflow:1016 submit DEBUG: Task 0 will be sent to executor threads
1722074800.050136 2024-07-27 18:06:40 MainProcess-1010379 MainThread-139743636350784 parsl.dataflow.dflow:818 _add_output_deps DEBUG: Adding output dependencies
1722074800.050185 2024-07-27 18:06:40 MainProcess-1010379 MainThread-139743636350784 parsl.dataflow.dflow:1067 submit DEBUG: Added output dependencies
1722074800.050228 2024-07-27 18:06:40 MainProcess-1010379 MainThread-139743636350784 parsl.dataflow.dflow:1080 submit DEBUG: Gathering dependencies
1722074800.050269 2024-07-27 18:06:40 MainProcess-1010379 MainThread-139743636350784 parsl.dataflow.dflow:1083 submit DEBUG: Gathered dependencies
1722074800.050309 2024-07-27 18:06:40 MainProcess-1010379 MainThread-139743636350784 parsl.dataflow.dflow:1098 submit INFO: Task 0 submitted for App install_cunumeric, not waiting on any dependency
1722074800.050361 2024-07-27 18:06:40 MainProcess-1010379 MainThread-139743636350784 parsl.dataflow.dflow:1104 submit DEBUG: Task 0 set to pending state with AppFuture: <AppFuture at 0x7f1896441280 state=pending>
1722074800.050771 2024-07-27 18:06:40 MainProcess-1010379 Dependency-Launch_0-139743565297408 parsl.dataflow.memoization:222 check_memo DEBUG: Task 0 will not be memoized
1722074800.050988 2024-07-27 18:06:40 MainProcess-1010379 MainThread-139743636350784 parsl.dataflow.dflow:1016 submit DEBUG: Task 1 will be sent to executor threads
1722074800.051291 2024-07-27 18:06:40 MainProcess-1010379 MainThread-139743636350784 parsl.dataflow.dflow:818 _add_output_deps DEBUG: Adding output dependencies
1722074800.052876 2024-07-27 18:06:40 MainProcess-1010379 MainThread-139743636350784 parsl.dataflow.dflow:1067 submit DEBUG: Added output dependencies
1722074800.052962 2024-07-27 18:06:40 MainProcess-1010379 MainThread-139743636350784 parsl.dataflow.dflow:1080 submit DEBUG: Gathering dependencies
1722074800.053063 2024-07-27 18:06:40 MainProcess-1010379 MainThread-139743636350784 parsl.dataflow.dflow:1083 submit DEBUG: Gathered dependencies
1722074800.053132 2024-07-27 18:06:40 MainProcess-1010379 MainThread-139743636350784 parsl.dataflow.dflow:1098 submit INFO: Task 1 submitted for App preprocess_data, not waiting on any dependency
1722074800.053191 2024-07-27 18:06:40 MainProcess-1010379 MainThread-139743636350784 parsl.dataflow.dflow:1104 submit DEBUG: Task 1 set to pending state with AppFuture: <AppFuture at 0x7f18961ff4c0 state=pending>
1722074800.053334 2024-07-27 18:06:40 MainProcess-1010379 Dependency-Launch_0-139743565297408 parsl.dataflow.dflow:776 launch_task INFO: Parsl task 0 try 0 launched on executor threads
1722074800.053743 2024-07-27 18:06:40 MainProcess-1010379 Dependency-Launch_0-139743565297408 parsl.dataflow.dflow:1476 log_std_stream INFO: Standard out for task 0 will not be redirected.
1722074800.053892 2024-07-27 18:06:40 MainProcess-1010379 Dependency-Launch_0-139743565297408 parsl.dataflow.dflow:1476 log_std_stream INFO: Standard error for task 0 will not be redirected.
1722074800.054073 2024-07-27 18:06:40 MainProcess-1010379 Dependency-Launch_0-139743565297408 parsl.process_loggers:27 wrapped DEBUG: Normal ending for _launch_if_ready_async on thread Dependency-Launch_0
1722074800.054350 2024-07-27 18:06:40 MainProcess-1010379 Dependency-Launch_0-139743565297408 parsl.dataflow.memoization:222 check_memo DEBUG: Task 1 will not be memoized
1722074800.055418 2024-07-27 18:06:40 MainProcess-1010379 Dependency-Launch_0-139743565297408 parsl.dataflow.dflow:776 launch_task INFO: Parsl task 1 try 0 launched on executor threads
1722074800.055613 2024-07-27 18:06:40 MainProcess-1010379 Dependency-Launch_0-139743565297408 parsl.dataflow.dflow:1478 log_std_stream INFO: Standard out for task 1 will be redirected to preprocess_data.out
1722074800.055720 2024-07-27 18:06:40 MainProcess-1010379 Dependency-Launch_0-139743565297408 parsl.dataflow.dflow:1478 log_std_stream INFO: Standard error for task 1 will be redirected to preprocess_data.err
1722074800.055928 2024-07-27 18:06:40 MainProcess-1010379 Dependency-Launch_0-139743565297408 parsl.process_loggers:27 wrapped DEBUG: Normal ending for _launch_if_ready_async on thread Dependency-Launch_0
1722074800.058962 2024-07-27 18:06:40 MainProcess-1010379 MainThread-139743636350784 parsl.dataflow.dflow:1016 submit DEBUG: Task 2 will be sent to executor _parsl_internal
1722074800.059059 2024-07-27 18:06:40 MainProcess-1010379 MainThread-139743636350784 parsl.dataflow.dflow:818 _add_output_deps DEBUG: Adding output dependencies
1722074800.059113 2024-07-27 18:06:40 MainProcess-1010379 MainThread-139743636350784 parsl.dataflow.dflow:1067 submit DEBUG: Added output dependencies
1722074800.059160 2024-07-27 18:06:40 MainProcess-1010379 MainThread-139743636350784 parsl.dataflow.dflow:1080 submit DEBUG: Gathering dependencies
1722074800.059251 2024-07-27 18:06:40 MainProcess-1010379 MainThread-139743636350784 parsl.dataflow.dflow:1083 submit DEBUG: Gathered dependencies
1722074800.059303 2024-07-27 18:06:40 MainProcess-1010379 MainThread-139743636350784 parsl.dataflow.dflow:1098 submit INFO: Task 2 submitted for App deferred_getattr, waiting on task 1
1722074800.059361 2024-07-27 18:06:40 MainProcess-1010379 MainThread-139743636350784 parsl.dataflow.dflow:1104 submit DEBUG: Task 2 set to pending state with AppFuture: <AppFuture at 0x7f18961fffa0 state=pending>
1722074800.059530 2024-07-27 18:06:40 MainProcess-1010379 Dependency-Launch_0-139743565297408 parsl.dataflow.dflow:664 _launch_if_ready_async DEBUG: Task 2 has outstanding dependencies, so launch_if_ready skipping
1722074800.059648 2024-07-27 18:06:40 MainProcess-1010379 Dependency-Launch_0-139743565297408 parsl.process_loggers:27 wrapped DEBUG: Normal ending for _launch_if_ready_async on thread Dependency-Launch_0
1722074805.047955 2024-07-27 18:06:45 MainProcess-1010379 JobStatusPoller-Timer-Thread-139743575954864-139743573690112 parsl.jobs.strategy:184 _general_strategy DEBUG: general strategy starting with strategy_type simple for 0 executors
1722074805.048228 2024-07-27 18:06:45 MainProcess-1010379 JobStatusPoller-Timer-Thread-139743575954864-139743573690112 parsl.process_loggers:27 wrapped DEBUG: Normal ending for _general_strategy on thread JobStatusPoller-Timer-Thread-139743575954864
1722074805.233009 2024-07-27 18:06:45 MainProcess-1010379 ThreadPoolExecutor-0_1-139743548512000 parsl.app.errors:113 reraise DEBUG: Reraising exception of type <class 'parsl.app.errors.BashExitFailure'>
1722074805.233499 2024-07-27 18:06:45 MainProcess-1010379 ThreadPoolExecutor-0_1-139743548512000 parsl.dataflow.dflow:351 handle_exec_update INFO: Task 1 try 0 failed with exception of type BashExitFailure
1722074805.233668 2024-07-27 18:06:45 MainProcess-1010379 ThreadPoolExecutor-0_1-139743548512000 parsl.dataflow.dflow:397 handle_exec_update ERROR: Task 1 failed after 0 retry attempts
Traceback (most recent call last):
  File "/home/ubuntu/miniconda3/envs/parsl/lib/python3.9/site-packages/parsl/dataflow/dflow.py", line 348, in handle_exec_update
    res = self._unwrap_remote_exception_wrapper(future)
  File "/home/ubuntu/miniconda3/envs/parsl/lib/python3.9/site-packages/parsl/dataflow/dflow.py", line 618, in _unwrap_remote_exception_wrapper
    result.reraise()
  File "/home/ubuntu/miniconda3/envs/parsl/lib/python3.9/site-packages/parsl/app/errors.py", line 117, in reraise
    raise v
  File "/home/ubuntu/miniconda3/envs/parsl/lib/python3.9/site-packages/parsl/app/errors.py", line 141, in wrapper
    return func(*args, **kwargs)
  File "/home/ubuntu/miniconda3/envs/parsl/lib/python3.9/site-packages/parsl/app/bash.py", line 94, in remote_side_bash_executor
    raise pe.BashExitFailure(func_name, proc.returncode)
parsl.app.errors.BashExitFailure: bash_app preprocess_data failed with unix exit code 1
1722074805.234646 2024-07-27 18:06:45 MainProcess-1010379 ThreadPoolExecutor-0_1-139743548512000 concurrent.futures:332 _invoke_callbacks ERROR: exception calling callback for <AppFuture at 0x7f18961ff4c0 state=finished raised BashExitFailure>
Traceback (most recent call last):
  File "/home/ubuntu/miniconda3/envs/parsl/lib/python3.9/site-packages/parsl/dataflow/dflow.py", line 348, in handle_exec_update
    res = self._unwrap_remote_exception_wrapper(future)
  File "/home/ubuntu/miniconda3/envs/parsl/lib/python3.9/site-packages/parsl/dataflow/dflow.py", line 618, in _unwrap_remote_exception_wrapper
    result.reraise()
  File "/home/ubuntu/miniconda3/envs/parsl/lib/python3.9/site-packages/parsl/app/errors.py", line 117, in reraise
    raise v
  File "/home/ubuntu/miniconda3/envs/parsl/lib/python3.9/site-packages/parsl/app/errors.py", line 141, in wrapper
    return func(*args, **kwargs)
  File "/home/ubuntu/miniconda3/envs/parsl/lib/python3.9/site-packages/parsl/app/bash.py", line 94, in remote_side_bash_executor
    raise pe.BashExitFailure(func_name, proc.returncode)
parsl.app.errors.BashExitFailure: bash_app preprocess_data failed with unix exit code 1

During handling of the above exception, another exception occurred:

Traceback (most recent call last):
  File "/home/ubuntu/miniconda3/envs/parsl/lib/python3.9/concurrent/futures/_base.py", line 330, in _invoke_callbacks
    callback(self)
  File "/home/ubuntu/miniconda3/envs/parsl/lib/python3.9/site-packages/parsl/dataflow/dflow.py", line 1123, in callback_adapter
    self.launch_if_ready(task_record)
  File "/home/ubuntu/miniconda3/envs/parsl/lib/python3.9/site-packages/parsl/dataflow/dflow.py", line 646, in launch_if_ready
    self.dependency_launch_pool.submit(self._launch_if_ready_async, task_record)
  File "/home/ubuntu/miniconda3/envs/parsl/lib/python3.9/concurrent/futures/thread.py", line 167, in submit
    raise RuntimeError('cannot schedule new futures after shutdown')
RuntimeError: cannot schedule new futures after shutdown
1722074805.235992 2024-07-27 18:06:45 MainProcess-1010379 ThreadPoolExecutor-0_1-139743548512000 parsl.dataflow.dflow:1478 log_std_stream INFO: Standard out for task 1 will be redirected to preprocess_data.out
1722074805.236129 2024-07-27 18:06:45 MainProcess-1010379 ThreadPoolExecutor-0_1-139743548512000 parsl.dataflow.dflow:1478 log_std_stream INFO: Standard error for task 1 will be redirected to preprocess_data.err
1722074810.049290 2024-07-27 18:06:50 MainProcess-1010379 JobStatusPoller-Timer-Thread-139743575954864-139743573690112 parsl.jobs.strategy:184 _general_strategy DEBUG: general strategy starting with strategy_type simple for 0 executors
1722074810.049524 2024-07-27 18:06:50 MainProcess-1010379 JobStatusPoller-Timer-Thread-139743575954864-139743573690112 parsl.process_loggers:27 wrapped DEBUG: Normal ending for _general_strategy on thread JobStatusPoller-Timer-Thread-139743575954864
1722074815.050795 2024-07-27 18:06:55 MainProcess-1010379 JobStatusPoller-Timer-Thread-139743575954864-139743573690112 parsl.jobs.strategy:184 _general_strategy DEBUG: general strategy starting with strategy_type simple for 0 executors
1722074815.051078 2024-07-27 18:06:55 MainProcess-1010379 JobStatusPoller-Timer-Thread-139743575954864-139743573690112 parsl.process_loggers:27 wrapped DEBUG: Normal ending for _general_strategy on thread JobStatusPoller-Timer-Thread-139743575954864
1722074820.051796 2024-07-27 18:07:00 MainProcess-1010379 JobStatusPoller-Timer-Thread-139743575954864-139743573690112 parsl.jobs.strategy:184 _general_strategy DEBUG: general strategy starting with strategy_type simple for 0 executors
1722074820.051966 2024-07-27 18:07:00 MainProcess-1010379 JobStatusPoller-Timer-Thread-139743575954864-139743573690112 parsl.process_loggers:27 wrapped DEBUG: Normal ending for _general_strategy on thread JobStatusPoller-Timer-Thread-139743575954864
1722074825.052314 2024-07-27 18:07:05 MainProcess-1010379 JobStatusPoller-Timer-Thread-139743575954864-139743573690112 parsl.jobs.strategy:184 _general_strategy DEBUG: general strategy starting with strategy_type simple for 0 executors
1722074825.052548 2024-07-27 18:07:05 MainProcess-1010379 JobStatusPoller-Timer-Thread-139743575954864-139743573690112 parsl.process_loggers:27 wrapped DEBUG: Normal ending for _general_strategy on thread JobStatusPoller-Timer-Thread-139743575954864
1722074830.053319 2024-07-27 18:07:10 MainProcess-1010379 JobStatusPoller-Timer-Thread-139743575954864-139743573690112 parsl.jobs.strategy:184 _general_strategy DEBUG: general strategy starting with strategy_type simple for 0 executors
1722074830.053506 2024-07-27 18:07:10 MainProcess-1010379 JobStatusPoller-Timer-Thread-139743575954864-139743573690112 parsl.process_loggers:27 wrapped DEBUG: Normal ending for _general_strategy on thread JobStatusPoller-Timer-Thread-139743575954864
1722074835.053823 2024-07-27 18:07:15 MainProcess-1010379 JobStatusPoller-Timer-Thread-139743575954864-139743573690112 parsl.jobs.strategy:184 _general_strategy DEBUG: general strategy starting with strategy_type simple for 0 executors
1722074835.054054 2024-07-27 18:07:15 MainProcess-1010379 JobStatusPoller-Timer-Thread-139743575954864-139743573690112 parsl.process_loggers:27 wrapped DEBUG: Normal ending for _general_strategy on thread JobStatusPoller-Timer-Thread-139743575954864
1722074840.054398 2024-07-27 18:07:20 MainProcess-1010379 JobStatusPoller-Timer-Thread-139743575954864-139743573690112 parsl.jobs.strategy:184 _general_strategy DEBUG: general strategy starting with strategy_type simple for 0 executors
1722074840.054631 2024-07-27 18:07:20 MainProcess-1010379 JobStatusPoller-Timer-Thread-139743575954864-139743573690112 parsl.process_loggers:27 wrapped DEBUG: Normal ending for _general_strategy on thread JobStatusPoller-Timer-Thread-139743575954864
1722074845.055030 2024-07-27 18:07:25 MainProcess-1010379 JobStatusPoller-Timer-Thread-139743575954864-139743573690112 parsl.jobs.strategy:184 _general_strategy DEBUG: general strategy starting with strategy_type simple for 0 executors
1722074845.055230 2024-07-27 18:07:25 MainProcess-1010379 JobStatusPoller-Timer-Thread-139743575954864-139743573690112 parsl.process_loggers:27 wrapped DEBUG: Normal ending for _general_strategy on thread JobStatusPoller-Timer-Thread-139743575954864
1722074850.055649 2024-07-27 18:07:30 MainProcess-1010379 JobStatusPoller-Timer-Thread-139743575954864-139743573690112 parsl.jobs.strategy:184 _general_strategy DEBUG: general strategy starting with strategy_type simple for 0 executors
1722074850.055881 2024-07-27 18:07:30 MainProcess-1010379 JobStatusPoller-Timer-Thread-139743575954864-139743573690112 parsl.process_loggers:27 wrapped DEBUG: Normal ending for _general_strategy on thread JobStatusPoller-Timer-Thread-139743575954864
1722074855.056367 2024-07-27 18:07:35 MainProcess-1010379 JobStatusPoller-Timer-Thread-139743575954864-139743573690112 parsl.jobs.strategy:184 _general_strategy DEBUG: general strategy starting with strategy_type simple for 0 executors
1722074855.057141 2024-07-27 18:07:35 MainProcess-1010379 JobStatusPoller-Timer-Thread-139743575954864-139743573690112 parsl.process_loggers:27 wrapped DEBUG: Normal ending for _general_strategy on thread JobStatusPoller-Timer-Thread-139743575954864
1722074860.057472 2024-07-27 18:07:40 MainProcess-1010379 JobStatusPoller-Timer-Thread-139743575954864-139743573690112 parsl.jobs.strategy:184 _general_strategy DEBUG: general strategy starting with strategy_type simple for 0 executors
1722074860.060243 2024-07-27 18:07:40 MainProcess-1010379 JobStatusPoller-Timer-Thread-139743575954864-139743573690112 parsl.process_loggers:27 wrapped DEBUG: Normal ending for _general_strategy on thread JobStatusPoller-Timer-Thread-139743575954864
1722074865.060606 2024-07-27 18:07:45 MainProcess-1010379 JobStatusPoller-Timer-Thread-139743575954864-139743573690112 parsl.jobs.strategy:184 _general_strategy DEBUG: general strategy starting with strategy_type simple for 0 executors
1722074865.060852 2024-07-27 18:07:45 MainProcess-1010379 JobStatusPoller-Timer-Thread-139743575954864-139743573690112 parsl.process_loggers:27 wrapped DEBUG: Normal ending for _general_strategy on thread JobStatusPoller-Timer-Thread-139743575954864
1722074870.061416 2024-07-27 18:07:50 MainProcess-1010379 JobStatusPoller-Timer-Thread-139743575954864-139743573690112 parsl.jobs.strategy:184 _general_strategy DEBUG: general strategy starting with strategy_type simple for 0 executors
1722074870.061651 2024-07-27 18:07:50 MainProcess-1010379 JobStatusPoller-Timer-Thread-139743575954864-139743573690112 parsl.process_loggers:27 wrapped DEBUG: Normal ending for _general_strategy on thread JobStatusPoller-Timer-Thread-139743575954864
1722074875.064400 2024-07-27 18:07:55 MainProcess-1010379 JobStatusPoller-Timer-Thread-139743575954864-139743573690112 parsl.jobs.strategy:184 _general_strategy DEBUG: general strategy starting with strategy_type simple for 0 executors
1722074875.064637 2024-07-27 18:07:55 MainProcess-1010379 JobStatusPoller-Timer-Thread-139743575954864-139743573690112 parsl.process_loggers:27 wrapped DEBUG: Normal ending for _general_strategy on thread JobStatusPoller-Timer-Thread-139743575954864
1722074880.065204 2024-07-27 18:08:00 MainProcess-1010379 JobStatusPoller-Timer-Thread-139743575954864-139743573690112 parsl.jobs.strategy:184 _general_strategy DEBUG: general strategy starting with strategy_type simple for 0 executors
1722074880.065769 2024-07-27 18:08:00 MainProcess-1010379 JobStatusPoller-Timer-Thread-139743575954864-139743573690112 parsl.process_loggers:27 wrapped DEBUG: Normal ending for _general_strategy on thread JobStatusPoller-Timer-Thread-139743575954864
1722074885.066081 2024-07-27 18:08:05 MainProcess-1010379 JobStatusPoller-Timer-Thread-139743575954864-139743573690112 parsl.jobs.strategy:184 _general_strategy DEBUG: general strategy starting with strategy_type simple for 0 executors
1722074885.066588 2024-07-27 18:08:05 MainProcess-1010379 JobStatusPoller-Timer-Thread-139743575954864-139743573690112 parsl.process_loggers:27 wrapped DEBUG: Normal ending for _general_strategy on thread JobStatusPoller-Timer-Thread-139743575954864
1722074890.066930 2024-07-27 18:08:10 MainProcess-1010379 JobStatusPoller-Timer-Thread-139743575954864-139743573690112 parsl.jobs.strategy:184 _general_strategy DEBUG: general strategy starting with strategy_type simple for 0 executors
1722074890.067501 2024-07-27 18:08:10 MainProcess-1010379 JobStatusPoller-Timer-Thread-139743575954864-139743573690112 parsl.process_loggers:27 wrapped DEBUG: Normal ending for _general_strategy on thread JobStatusPoller-Timer-Thread-139743575954864
1722074895.067826 2024-07-27 18:08:15 MainProcess-1010379 JobStatusPoller-Timer-Thread-139743575954864-139743573690112 parsl.jobs.strategy:184 _general_strategy DEBUG: general strategy starting with strategy_type simple for 0 executors
1722074895.068438 2024-07-27 18:08:15 MainProcess-1010379 JobStatusPoller-Timer-Thread-139743575954864-139743573690112 parsl.process_loggers:27 wrapped DEBUG: Normal ending for _general_strategy on thread JobStatusPoller-Timer-Thread-139743575954864
1722074900.068749 2024-07-27 18:08:20 MainProcess-1010379 JobStatusPoller-Timer-Thread-139743575954864-139743573690112 parsl.jobs.strategy:184 _general_strategy DEBUG: general strategy starting with strategy_type simple for 0 executors
1722074900.069357 2024-07-27 18:08:20 MainProcess-1010379 JobStatusPoller-Timer-Thread-139743575954864-139743573690112 parsl.process_loggers:27 wrapped DEBUG: Normal ending for _general_strategy on thread JobStatusPoller-Timer-Thread-139743575954864
1722074905.069668 2024-07-27 18:08:25 MainProcess-1010379 JobStatusPoller-Timer-Thread-139743575954864-139743573690112 parsl.jobs.strategy:184 _general_strategy DEBUG: general strategy starting with strategy_type simple for 0 executors
1722074905.070232 2024-07-27 18:08:25 MainProcess-1010379 JobStatusPoller-Timer-Thread-139743575954864-139743573690112 parsl.process_loggers:27 wrapped DEBUG: Normal ending for _general_strategy on thread JobStatusPoller-Timer-Thread-139743575954864
1722074910.070545 2024-07-27 18:08:30 MainProcess-1010379 JobStatusPoller-Timer-Thread-139743575954864-139743573690112 parsl.jobs.strategy:184 _general_strategy DEBUG: general strategy starting with strategy_type simple for 0 executors
1722074910.070778 2024-07-27 18:08:30 MainProcess-1010379 JobStatusPoller-Timer-Thread-139743575954864-139743573690112 parsl.process_loggers:27 wrapped DEBUG: Normal ending for _general_strategy on thread JobStatusPoller-Timer-Thread-139743575954864
1722074915.071066 2024-07-27 18:08:35 MainProcess-1010379 JobStatusPoller-Timer-Thread-139743575954864-139743573690112 parsl.jobs.strategy:184 _general_strategy DEBUG: general strategy starting with strategy_type simple for 0 executors
1722074915.071583 2024-07-27 18:08:35 MainProcess-1010379 JobStatusPoller-Timer-Thread-139743575954864-139743573690112 parsl.process_loggers:27 wrapped DEBUG: Normal ending for _general_strategy on thread JobStatusPoller-Timer-Thread-139743575954864
1722074920.071889 2024-07-27 18:08:40 MainProcess-1010379 JobStatusPoller-Timer-Thread-139743575954864-139743573690112 parsl.jobs.strategy:184 _general_strategy DEBUG: general strategy starting with strategy_type simple for 0 executors
1722074920.072474 2024-07-27 18:08:40 MainProcess-1010379 JobStatusPoller-Timer-Thread-139743575954864-139743573690112 parsl.process_loggers:27 wrapped DEBUG: Normal ending for _general_strategy on thread JobStatusPoller-Timer-Thread-139743575954864
1722074925.072790 2024-07-27 18:08:45 MainProcess-1010379 JobStatusPoller-Timer-Thread-139743575954864-139743573690112 parsl.jobs.strategy:184 _general_strategy DEBUG: general strategy starting with strategy_type simple for 0 executors
1722074925.073344 2024-07-27 18:08:45 MainProcess-1010379 JobStatusPoller-Timer-Thread-139743575954864-139743573690112 parsl.process_loggers:27 wrapped DEBUG: Normal ending for _general_strategy on thread JobStatusPoller-Timer-Thread-139743575954864
1722074930.073655 2024-07-27 18:08:50 MainProcess-1010379 JobStatusPoller-Timer-Thread-139743575954864-139743573690112 parsl.jobs.strategy:184 _general_strategy DEBUG: general strategy starting with strategy_type simple for 0 executors
1722074930.074233 2024-07-27 18:08:50 MainProcess-1010379 JobStatusPoller-Timer-Thread-139743575954864-139743573690112 parsl.process_loggers:27 wrapped DEBUG: Normal ending for _general_strategy on thread JobStatusPoller-Timer-Thread-139743575954864
1722074935.074556 2024-07-27 18:08:55 MainProcess-1010379 JobStatusPoller-Timer-Thread-139743575954864-139743573690112 parsl.jobs.strategy:184 _general_strategy DEBUG: general strategy starting with strategy_type simple for 0 executors
1722074935.075090 2024-07-27 18:08:55 MainProcess-1010379 JobStatusPoller-Timer-Thread-139743575954864-139743573690112 parsl.process_loggers:27 wrapped DEBUG: Normal ending for _general_strategy on thread JobStatusPoller-Timer-Thread-139743575954864
1722074940.075404 2024-07-27 18:09:00 MainProcess-1010379 JobStatusPoller-Timer-Thread-139743575954864-139743573690112 parsl.jobs.strategy:184 _general_strategy DEBUG: general strategy starting with strategy_type simple for 0 executors
1722074940.075648 2024-07-27 18:09:00 MainProcess-1010379 JobStatusPoller-Timer-Thread-139743575954864-139743573690112 parsl.process_loggers:27 wrapped DEBUG: Normal ending for _general_strategy on thread JobStatusPoller-Timer-Thread-139743575954864
1722074945.076035 2024-07-27 18:09:05 MainProcess-1010379 JobStatusPoller-Timer-Thread-139743575954864-139743573690112 parsl.jobs.strategy:184 _general_strategy DEBUG: general strategy starting with strategy_type simple for 0 executors
1722074945.076298 2024-07-27 18:09:05 MainProcess-1010379 JobStatusPoller-Timer-Thread-139743575954864-139743573690112 parsl.process_loggers:27 wrapped DEBUG: Normal ending for _general_strategy on thread JobStatusPoller-Timer-Thread-139743575954864
1722074950.076820 2024-07-27 18:09:10 MainProcess-1010379 JobStatusPoller-Timer-Thread-139743575954864-139743573690112 parsl.jobs.strategy:184 _general_strategy DEBUG: general strategy starting with strategy_type simple for 0 executors
1722074950.077066 2024-07-27 18:09:10 MainProcess-1010379 JobStatusPoller-Timer-Thread-139743575954864-139743573690112 parsl.process_loggers:27 wrapped DEBUG: Normal ending for _general_strategy on thread JobStatusPoller-Timer-Thread-139743575954864
1722074955.077489 2024-07-27 18:09:15 MainProcess-1010379 JobStatusPoller-Timer-Thread-139743575954864-139743573690112 parsl.jobs.strategy:184 _general_strategy DEBUG: general strategy starting with strategy_type simple for 0 executors
1722074955.077991 2024-07-27 18:09:15 MainProcess-1010379 JobStatusPoller-Timer-Thread-139743575954864-139743573690112 parsl.process_loggers:27 wrapped DEBUG: Normal ending for _general_strategy on thread JobStatusPoller-Timer-Thread-139743575954864
1722074960.078344 2024-07-27 18:09:20 MainProcess-1010379 JobStatusPoller-Timer-Thread-139743575954864-139743573690112 parsl.jobs.strategy:184 _general_strategy DEBUG: general strategy starting with strategy_type simple for 0 executors
1722074960.078594 2024-07-27 18:09:20 MainProcess-1010379 JobStatusPoller-Timer-Thread-139743575954864-139743573690112 parsl.process_loggers:27 wrapped DEBUG: Normal ending for _general_strategy on thread JobStatusPoller-Timer-Thread-139743575954864
1722074965.079033 2024-07-27 18:09:25 MainProcess-1010379 JobStatusPoller-Timer-Thread-139743575954864-139743573690112 parsl.jobs.strategy:184 _general_strategy DEBUG: general strategy starting with strategy_type simple for 0 executors
1722074965.079248 2024-07-27 18:09:25 MainProcess-1010379 JobStatusPoller-Timer-Thread-139743575954864-139743573690112 parsl.process_loggers:27 wrapped DEBUG: Normal ending for _general_strategy on thread JobStatusPoller-Timer-Thread-139743575954864
1722074970.079700 2024-07-27 18:09:30 MainProcess-1010379 JobStatusPoller-Timer-Thread-139743575954864-139743573690112 parsl.jobs.strategy:184 _general_strategy DEBUG: general strategy starting with strategy_type simple for 0 executors
1722074970.079956 2024-07-27 18:09:30 MainProcess-1010379 JobStatusPoller-Timer-Thread-139743575954864-139743573690112 parsl.process_loggers:27 wrapped DEBUG: Normal ending for _general_strategy on thread JobStatusPoller-Timer-Thread-139743575954864
1722074975.080414 2024-07-27 18:09:35 MainProcess-1010379 JobStatusPoller-Timer-Thread-139743575954864-139743573690112 parsl.jobs.strategy:184 _general_strategy DEBUG: general strategy starting with strategy_type simple for 0 executors
1722074975.080685 2024-07-27 18:09:35 MainProcess-1010379 JobStatusPoller-Timer-Thread-139743575954864-139743573690112 parsl.process_loggers:27 wrapped DEBUG: Normal ending for _general_strategy on thread JobStatusPoller-Timer-Thread-139743575954864
1722074980.081206 2024-07-27 18:09:40 MainProcess-1010379 JobStatusPoller-Timer-Thread-139743575954864-139743573690112 parsl.jobs.strategy:184 _general_strategy DEBUG: general strategy starting with strategy_type simple for 0 executors
1722074980.081455 2024-07-27 18:09:40 MainProcess-1010379 JobStatusPoller-Timer-Thread-139743575954864-139743573690112 parsl.process_loggers:27 wrapped DEBUG: Normal ending for _general_strategy on thread JobStatusPoller-Timer-Thread-139743575954864
1722074985.081909 2024-07-27 18:09:45 MainProcess-1010379 JobStatusPoller-Timer-Thread-139743575954864-139743573690112 parsl.jobs.strategy:184 _general_strategy DEBUG: general strategy starting with strategy_type simple for 0 executors
1722074985.082166 2024-07-27 18:09:45 MainProcess-1010379 JobStatusPoller-Timer-Thread-139743575954864-139743573690112 parsl.process_loggers:27 wrapped DEBUG: Normal ending for _general_strategy on thread JobStatusPoller-Timer-Thread-139743575954864
1722074990.082575 2024-07-27 18:09:50 MainProcess-1010379 JobStatusPoller-Timer-Thread-139743575954864-139743573690112 parsl.jobs.strategy:184 _general_strategy DEBUG: general strategy starting with strategy_type simple for 0 executors
1722074990.082757 2024-07-27 18:09:50 MainProcess-1010379 JobStatusPoller-Timer-Thread-139743575954864-139743573690112 parsl.process_loggers:27 wrapped DEBUG: Normal ending for _general_strategy on thread JobStatusPoller-Timer-Thread-139743575954864
1722074995.083047 2024-07-27 18:09:55 MainProcess-1010379 JobStatusPoller-Timer-Thread-139743575954864-139743573690112 parsl.jobs.strategy:184 _general_strategy DEBUG: general strategy starting with strategy_type simple for 0 executors
1722074995.083273 2024-07-27 18:09:55 MainProcess-1010379 JobStatusPoller-Timer-Thread-139743575954864-139743573690112 parsl.process_loggers:27 wrapped DEBUG: Normal ending for _general_strategy on thread JobStatusPoller-Timer-Thread-139743575954864
1722075000.083644 2024-07-27 18:10:00 MainProcess-1010379 JobStatusPoller-Timer-Thread-139743575954864-139743573690112 parsl.jobs.strategy:184 _general_strategy DEBUG: general strategy starting with strategy_type simple for 0 executors
1722075000.083853 2024-07-27 18:10:00 MainProcess-1010379 JobStatusPoller-Timer-Thread-139743575954864-139743573690112 parsl.process_loggers:27 wrapped DEBUG: Normal ending for _general_strategy on thread JobStatusPoller-Timer-Thread-139743575954864
1722075005.084299 2024-07-27 18:10:05 MainProcess-1010379 JobStatusPoller-Timer-Thread-139743575954864-139743573690112 parsl.jobs.strategy:184 _general_strategy DEBUG: general strategy starting with strategy_type simple for 0 executors
1722075005.084530 2024-07-27 18:10:05 MainProcess-1010379 JobStatusPoller-Timer-Thread-139743575954864-139743573690112 parsl.process_loggers:27 wrapped DEBUG: Normal ending for _general_strategy on thread JobStatusPoller-Timer-Thread-139743575954864
1722075010.084952 2024-07-27 18:10:10 MainProcess-1010379 JobStatusPoller-Timer-Thread-139743575954864-139743573690112 parsl.jobs.strategy:184 _general_strategy DEBUG: general strategy starting with strategy_type simple for 0 executors
1722075010.085181 2024-07-27 18:10:10 MainProcess-1010379 JobStatusPoller-Timer-Thread-139743575954864-139743573690112 parsl.process_loggers:27 wrapped DEBUG: Normal ending for _general_strategy on thread JobStatusPoller-Timer-Thread-139743575954864
1722075015.085598 2024-07-27 18:10:15 MainProcess-1010379 JobStatusPoller-Timer-Thread-139743575954864-139743573690112 parsl.jobs.strategy:184 _general_strategy DEBUG: general strategy starting with strategy_type simple for 0 executors
1722075015.085978 2024-07-27 18:10:15 MainProcess-1010379 JobStatusPoller-Timer-Thread-139743575954864-139743573690112 parsl.process_loggers:27 wrapped DEBUG: Normal ending for _general_strategy on thread JobStatusPoller-Timer-Thread-139743575954864
1722075020.086350 2024-07-27 18:10:20 MainProcess-1010379 JobStatusPoller-Timer-Thread-139743575954864-139743573690112 parsl.jobs.strategy:184 _general_strategy DEBUG: general strategy starting with strategy_type simple for 0 executors
1722075020.086599 2024-07-27 18:10:20 MainProcess-1010379 JobStatusPoller-Timer-Thread-139743575954864-139743573690112 parsl.process_loggers:27 wrapped DEBUG: Normal ending for _general_strategy on thread JobStatusPoller-Timer-Thread-139743575954864
1722075025.087043 2024-07-27 18:10:25 MainProcess-1010379 JobStatusPoller-Timer-Thread-139743575954864-139743573690112 parsl.jobs.strategy:184 _general_strategy DEBUG: general strategy starting with strategy_type simple for 0 executors
1722075025.087298 2024-07-27 18:10:25 MainProcess-1010379 JobStatusPoller-Timer-Thread-139743575954864-139743573690112 parsl.process_loggers:27 wrapped DEBUG: Normal ending for _general_strategy on thread JobStatusPoller-Timer-Thread-139743575954864
1722075030.087718 2024-07-27 18:10:30 MainProcess-1010379 JobStatusPoller-Timer-Thread-139743575954864-139743573690112 parsl.jobs.strategy:184 _general_strategy DEBUG: general strategy starting with strategy_type simple for 0 executors
1722075030.087951 2024-07-27 18:10:30 MainProcess-1010379 JobStatusPoller-Timer-Thread-139743575954864-139743573690112 parsl.process_loggers:27 wrapped DEBUG: Normal ending for _general_strategy on thread JobStatusPoller-Timer-Thread-139743575954864
1722075035.088345 2024-07-27 18:10:35 MainProcess-1010379 JobStatusPoller-Timer-Thread-139743575954864-139743573690112 parsl.jobs.strategy:184 _general_strategy DEBUG: general strategy starting with strategy_type simple for 0 executors
1722075035.088610 2024-07-27 18:10:35 MainProcess-1010379 JobStatusPoller-Timer-Thread-139743575954864-139743573690112 parsl.process_loggers:27 wrapped DEBUG: Normal ending for _general_strategy on thread JobStatusPoller-Timer-Thread-139743575954864
1722075040.089011 2024-07-27 18:10:40 MainProcess-1010379 JobStatusPoller-Timer-Thread-139743575954864-139743573690112 parsl.jobs.strategy:184 _general_strategy DEBUG: general strategy starting with strategy_type simple for 0 executors
1722075040.089268 2024-07-27 18:10:40 MainProcess-1010379 JobStatusPoller-Timer-Thread-139743575954864-139743573690112 parsl.process_loggers:27 wrapped DEBUG: Normal ending for _general_strategy on thread JobStatusPoller-Timer-Thread-139743575954864
1722075045.089619 2024-07-27 18:10:45 MainProcess-1010379 JobStatusPoller-Timer-Thread-139743575954864-139743573690112 parsl.jobs.strategy:184 _general_strategy DEBUG: general strategy starting with strategy_type simple for 0 executors
1722075045.089865 2024-07-27 18:10:45 MainProcess-1010379 JobStatusPoller-Timer-Thread-139743575954864-139743573690112 parsl.process_loggers:27 wrapped DEBUG: Normal ending for _general_strategy on thread JobStatusPoller-Timer-Thread-139743575954864
1722075050.090246 2024-07-27 18:10:50 MainProcess-1010379 JobStatusPoller-Timer-Thread-139743575954864-139743573690112 parsl.jobs.strategy:184 _general_strategy DEBUG: general strategy starting with strategy_type simple for 0 executors
1722075050.090491 2024-07-27 18:10:50 MainProcess-1010379 JobStatusPoller-Timer-Thread-139743575954864-139743573690112 parsl.process_loggers:27 wrapped DEBUG: Normal ending for _general_strategy on thread JobStatusPoller-Timer-Thread-139743575954864
1722075055.090910 2024-07-27 18:10:55 MainProcess-1010379 JobStatusPoller-Timer-Thread-139743575954864-139743573690112 parsl.jobs.strategy:184 _general_strategy DEBUG: general strategy starting with strategy_type simple for 0 executors
1722075055.091185 2024-07-27 18:10:55 MainProcess-1010379 JobStatusPoller-Timer-Thread-139743575954864-139743573690112 parsl.process_loggers:27 wrapped DEBUG: Normal ending for _general_strategy on thread JobStatusPoller-Timer-Thread-139743575954864
1722075060.091656 2024-07-27 18:11:00 MainProcess-1010379 JobStatusPoller-Timer-Thread-139743575954864-139743573690112 parsl.jobs.strategy:184 _general_strategy DEBUG: general strategy starting with strategy_type simple for 0 executors
1722075060.091887 2024-07-27 18:11:00 MainProcess-1010379 JobStatusPoller-Timer-Thread-139743575954864-139743573690112 parsl.process_loggers:27 wrapped DEBUG: Normal ending for _general_strategy on thread JobStatusPoller-Timer-Thread-139743575954864
1722075065.092352 2024-07-27 18:11:05 MainProcess-1010379 JobStatusPoller-Timer-Thread-139743575954864-139743573690112 parsl.jobs.strategy:184 _general_strategy DEBUG: general strategy starting with strategy_type simple for 0 executors
1722075065.092608 2024-07-27 18:11:05 MainProcess-1010379 JobStatusPoller-Timer-Thread-139743575954864-139743573690112 parsl.process_loggers:27 wrapped DEBUG: Normal ending for _general_strategy on thread JobStatusPoller-Timer-Thread-139743575954864
1722075070.093367 2024-07-27 18:11:10 MainProcess-1010379 JobStatusPoller-Timer-Thread-139743575954864-139743573690112 parsl.jobs.strategy:184 _general_strategy DEBUG: general strategy starting with strategy_type simple for 0 executors
1722075070.093620 2024-07-27 18:11:10 MainProcess-1010379 JobStatusPoller-Timer-Thread-139743575954864-139743573690112 parsl.process_loggers:27 wrapped DEBUG: Normal ending for _general_strategy on thread JobStatusPoller-Timer-Thread-139743575954864
1722075075.094054 2024-07-27 18:11:15 MainProcess-1010379 JobStatusPoller-Timer-Thread-139743575954864-139743573690112 parsl.jobs.strategy:184 _general_strategy DEBUG: general strategy starting with strategy_type simple for 0 executors
1722075075.094283 2024-07-27 18:11:15 MainProcess-1010379 JobStatusPoller-Timer-Thread-139743575954864-139743573690112 parsl.process_loggers:27 wrapped DEBUG: Normal ending for _general_strategy on thread JobStatusPoller-Timer-Thread-139743575954864
1722075080.095521 2024-07-27 18:11:20 MainProcess-1010379 JobStatusPoller-Timer-Thread-139743575954864-139743573690112 parsl.jobs.strategy:184 _general_strategy DEBUG: general strategy starting with strategy_type simple for 0 executors
1722075080.095744 2024-07-27 18:11:20 MainProcess-1010379 JobStatusPoller-Timer-Thread-139743575954864-139743573690112 parsl.process_loggers:27 wrapped DEBUG: Normal ending for _general_strategy on thread JobStatusPoller-Timer-Thread-139743575954864
1722075085.096184 2024-07-27 18:11:25 MainProcess-1010379 JobStatusPoller-Timer-Thread-139743575954864-139743573690112 parsl.jobs.strategy:184 _general_strategy DEBUG: general strategy starting with strategy_type simple for 0 executors
1722075085.096414 2024-07-27 18:11:25 MainProcess-1010379 JobStatusPoller-Timer-Thread-139743575954864-139743573690112 parsl.process_loggers:27 wrapped DEBUG: Normal ending for _general_strategy on thread JobStatusPoller-Timer-Thread-139743575954864
1722075090.096853 2024-07-27 18:11:30 MainProcess-1010379 JobStatusPoller-Timer-Thread-139743575954864-139743573690112 parsl.jobs.strategy:184 _general_strategy DEBUG: general strategy starting with strategy_type simple for 0 executors
1722075090.097086 2024-07-27 18:11:30 MainProcess-1010379 JobStatusPoller-Timer-Thread-139743575954864-139743573690112 parsl.process_loggers:27 wrapped DEBUG: Normal ending for _general_strategy on thread JobStatusPoller-Timer-Thread-139743575954864
1722075095.097922 2024-07-27 18:11:35 MainProcess-1010379 JobStatusPoller-Timer-Thread-139743575954864-139743573690112 parsl.jobs.strategy:184 _general_strategy DEBUG: general strategy starting with strategy_type simple for 0 executors
1722075095.098151 2024-07-27 18:11:35 MainProcess-1010379 JobStatusPoller-Timer-Thread-139743575954864-139743573690112 parsl.process_loggers:27 wrapped DEBUG: Normal ending for _general_strategy on thread JobStatusPoller-Timer-Thread-139743575954864
1722075100.098786 2024-07-27 18:11:40 MainProcess-1010379 JobStatusPoller-Timer-Thread-139743575954864-139743573690112 parsl.jobs.strategy:184 _general_strategy DEBUG: general strategy starting with strategy_type simple for 0 executors
1722075100.099023 2024-07-27 18:11:40 MainProcess-1010379 JobStatusPoller-Timer-Thread-139743575954864-139743573690112 parsl.process_loggers:27 wrapped DEBUG: Normal ending for _general_strategy on thread JobStatusPoller-Timer-Thread-139743575954864
1722075105.099487 2024-07-27 18:11:45 MainProcess-1010379 JobStatusPoller-Timer-Thread-139743575954864-139743573690112 parsl.jobs.strategy:184 _general_strategy DEBUG: general strategy starting with strategy_type simple for 0 executors
1722075105.099732 2024-07-27 18:11:45 MainProcess-1010379 JobStatusPoller-Timer-Thread-139743575954864-139743573690112 parsl.process_loggers:27 wrapped DEBUG: Normal ending for _general_strategy on thread JobStatusPoller-Timer-Thread-139743575954864
1722075110.100293 2024-07-27 18:11:50 MainProcess-1010379 JobStatusPoller-Timer-Thread-139743575954864-139743573690112 parsl.jobs.strategy:184 _general_strategy DEBUG: general strategy starting with strategy_type simple for 0 executors
1722075110.100509 2024-07-27 18:11:50 MainProcess-1010379 JobStatusPoller-Timer-Thread-139743575954864-139743573690112 parsl.process_loggers:27 wrapped DEBUG: Normal ending for _general_strategy on thread JobStatusPoller-Timer-Thread-139743575954864
1722075115.100871 2024-07-27 18:11:55 MainProcess-1010379 JobStatusPoller-Timer-Thread-139743575954864-139743573690112 parsl.jobs.strategy:184 _general_strategy DEBUG: general strategy starting with strategy_type simple for 0 executors
1722075115.101124 2024-07-27 18:11:55 MainProcess-1010379 JobStatusPoller-Timer-Thread-139743575954864-139743573690112 parsl.process_loggers:27 wrapped DEBUG: Normal ending for _general_strategy on thread JobStatusPoller-Timer-Thread-139743575954864
1722075120.101799 2024-07-27 18:12:00 MainProcess-1010379 JobStatusPoller-Timer-Thread-139743575954864-139743573690112 parsl.jobs.strategy:184 _general_strategy DEBUG: general strategy starting with strategy_type simple for 0 executors
1722075120.102029 2024-07-27 18:12:00 MainProcess-1010379 JobStatusPoller-Timer-Thread-139743575954864-139743573690112 parsl.process_loggers:27 wrapped DEBUG: Normal ending for _general_strategy on thread JobStatusPoller-Timer-Thread-139743575954864
1722075125.102351 2024-07-27 18:12:05 MainProcess-1010379 JobStatusPoller-Timer-Thread-139743575954864-139743573690112 parsl.jobs.strategy:184 _general_strategy DEBUG: general strategy starting with strategy_type simple for 0 executors
1722075125.102589 2024-07-27 18:12:05 MainProcess-1010379 JobStatusPoller-Timer-Thread-139743575954864-139743573690112 parsl.process_loggers:27 wrapped DEBUG: Normal ending for _general_strategy on thread JobStatusPoller-Timer-Thread-139743575954864
1722075130.102928 2024-07-27 18:12:10 MainProcess-1010379 JobStatusPoller-Timer-Thread-139743575954864-139743573690112 parsl.jobs.strategy:184 _general_strategy DEBUG: general strategy starting with strategy_type simple for 0 executors
1722075130.103164 2024-07-27 18:12:10 MainProcess-1010379 JobStatusPoller-Timer-Thread-139743575954864-139743573690112 parsl.process_loggers:27 wrapped DEBUG: Normal ending for _general_strategy on thread JobStatusPoller-Timer-Thread-139743575954864
1722075135.103636 2024-07-27 18:12:15 MainProcess-1010379 JobStatusPoller-Timer-Thread-139743575954864-139743573690112 parsl.jobs.strategy:184 _general_strategy DEBUG: general strategy starting with strategy_type simple for 0 executors
1722075135.105528 2024-07-27 18:12:15 MainProcess-1010379 JobStatusPoller-Timer-Thread-139743575954864-139743573690112 parsl.process_loggers:27 wrapped DEBUG: Normal ending for _general_strategy on thread JobStatusPoller-Timer-Thread-139743575954864
1722075140.105873 2024-07-27 18:12:20 MainProcess-1010379 JobStatusPoller-Timer-Thread-139743575954864-139743573690112 parsl.jobs.strategy:184 _general_strategy DEBUG: general strategy starting with strategy_type simple for 0 executors
1722075140.106531 2024-07-27 18:12:20 MainProcess-1010379 JobStatusPoller-Timer-Thread-139743575954864-139743573690112 parsl.process_loggers:27 wrapped DEBUG: Normal ending for _general_strategy on thread JobStatusPoller-Timer-Thread-139743575954864
1722075145.106826 2024-07-27 18:12:25 MainProcess-1010379 JobStatusPoller-Timer-Thread-139743575954864-139743573690112 parsl.jobs.strategy:184 _general_strategy DEBUG: general strategy starting with strategy_type simple for 0 executors
1722075145.248354 2024-07-27 18:12:25 MainProcess-1010379 JobStatusPoller-Timer-Thread-139743575954864-139743573690112 parsl.process_loggers:27 wrapped DEBUG: Normal ending for _general_strategy on thread JobStatusPoller-Timer-Thread-139743575954864
1722075150.248774 2024-07-27 18:12:30 MainProcess-1010379 JobStatusPoller-Timer-Thread-139743575954864-139743573690112 parsl.jobs.strategy:184 _general_strategy DEBUG: general strategy starting with strategy_type simple for 0 executors
1722075150.249003 2024-07-27 18:12:30 MainProcess-1010379 JobStatusPoller-Timer-Thread-139743575954864-139743573690112 parsl.process_loggers:27 wrapped DEBUG: Normal ending for _general_strategy on thread JobStatusPoller-Timer-Thread-139743575954864
1722075155.249304 2024-07-27 18:12:35 MainProcess-1010379 JobStatusPoller-Timer-Thread-139743575954864-139743573690112 parsl.jobs.strategy:184 _general_strategy DEBUG: general strategy starting with strategy_type simple for 0 executors
1722075155.249931 2024-07-27 18:12:35 MainProcess-1010379 JobStatusPoller-Timer-Thread-139743575954864-139743573690112 parsl.process_loggers:27 wrapped DEBUG: Normal ending for _general_strategy on thread JobStatusPoller-Timer-Thread-139743575954864
1722075160.250237 2024-07-27 18:12:40 MainProcess-1010379 JobStatusPoller-Timer-Thread-139743575954864-139743573690112 parsl.jobs.strategy:184 _general_strategy DEBUG: general strategy starting with strategy_type simple for 0 executors
1722075160.251148 2024-07-27 18:12:40 MainProcess-1010379 JobStatusPoller-Timer-Thread-139743575954864-139743573690112 parsl.process_loggers:27 wrapped DEBUG: Normal ending for _general_strategy on thread JobStatusPoller-Timer-Thread-139743575954864
1722075165.251422 2024-07-27 18:12:45 MainProcess-1010379 JobStatusPoller-Timer-Thread-139743575954864-139743573690112 parsl.jobs.strategy:184 _general_strategy DEBUG: general strategy starting with strategy_type simple for 0 executors
1722075165.251575 2024-07-27 18:12:45 MainProcess-1010379 JobStatusPoller-Timer-Thread-139743575954864-139743573690112 parsl.process_loggers:27 wrapped DEBUG: Normal ending for _general_strategy on thread JobStatusPoller-Timer-Thread-139743575954864
1722075170.251871 2024-07-27 18:12:50 MainProcess-1010379 JobStatusPoller-Timer-Thread-139743575954864-139743573690112 parsl.jobs.strategy:184 _general_strategy DEBUG: general strategy starting with strategy_type simple for 0 executors
1722075170.252111 2024-07-27 18:12:50 MainProcess-1010379 JobStatusPoller-Timer-Thread-139743575954864-139743573690112 parsl.process_loggers:27 wrapped DEBUG: Normal ending for _general_strategy on thread JobStatusPoller-Timer-Thread-139743575954864
1722075175.252666 2024-07-27 18:12:55 MainProcess-1010379 JobStatusPoller-Timer-Thread-139743575954864-139743573690112 parsl.jobs.strategy:184 _general_strategy DEBUG: general strategy starting with strategy_type simple for 0 executors
1722075175.252921 2024-07-27 18:12:55 MainProcess-1010379 JobStatusPoller-Timer-Thread-139743575954864-139743573690112 parsl.process_loggers:27 wrapped DEBUG: Normal ending for _general_strategy on thread JobStatusPoller-Timer-Thread-139743575954864
1722075180.253394 2024-07-27 18:13:00 MainProcess-1010379 JobStatusPoller-Timer-Thread-139743575954864-139743573690112 parsl.jobs.strategy:184 _general_strategy DEBUG: general strategy starting with strategy_type simple for 0 executors
1722075180.253632 2024-07-27 18:13:00 MainProcess-1010379 JobStatusPoller-Timer-Thread-139743575954864-139743573690112 parsl.process_loggers:27 wrapped DEBUG: Normal ending for _general_strategy on thread JobStatusPoller-Timer-Thread-139743575954864
1722075185.254147 2024-07-27 18:13:05 MainProcess-1010379 JobStatusPoller-Timer-Thread-139743575954864-139743573690112 parsl.jobs.strategy:184 _general_strategy DEBUG: general strategy starting with strategy_type simple for 0 executors
1722075185.254379 2024-07-27 18:13:05 MainProcess-1010379 JobStatusPoller-Timer-Thread-139743575954864-139743573690112 parsl.process_loggers:27 wrapped DEBUG: Normal ending for _general_strategy on thread JobStatusPoller-Timer-Thread-139743575954864
1722075190.254878 2024-07-27 18:13:10 MainProcess-1010379 JobStatusPoller-Timer-Thread-139743575954864-139743573690112 parsl.jobs.strategy:184 _general_strategy DEBUG: general strategy starting with strategy_type simple for 0 executors
1722075190.255120 2024-07-27 18:13:10 MainProcess-1010379 JobStatusPoller-Timer-Thread-139743575954864-139743573690112 parsl.process_loggers:27 wrapped DEBUG: Normal ending for _general_strategy on thread JobStatusPoller-Timer-Thread-139743575954864
1722075195.255489 2024-07-27 18:13:15 MainProcess-1010379 JobStatusPoller-Timer-Thread-139743575954864-139743573690112 parsl.jobs.strategy:184 _general_strategy DEBUG: general strategy starting with strategy_type simple for 0 executors
1722075195.255724 2024-07-27 18:13:15 MainProcess-1010379 JobStatusPoller-Timer-Thread-139743575954864-139743573690112 parsl.process_loggers:27 wrapped DEBUG: Normal ending for _general_strategy on thread JobStatusPoller-Timer-Thread-139743575954864
1722075200.256113 2024-07-27 18:13:20 MainProcess-1010379 JobStatusPoller-Timer-Thread-139743575954864-139743573690112 parsl.jobs.strategy:184 _general_strategy DEBUG: general strategy starting with strategy_type simple for 0 executors
1722075200.256389 2024-07-27 18:13:20 MainProcess-1010379 JobStatusPoller-Timer-Thread-139743575954864-139743573690112 parsl.process_loggers:27 wrapped DEBUG: Normal ending for _general_strategy on thread JobStatusPoller-Timer-Thread-139743575954864
1722075205.256857 2024-07-27 18:13:25 MainProcess-1010379 JobStatusPoller-Timer-Thread-139743575954864-139743573690112 parsl.jobs.strategy:184 _general_strategy DEBUG: general strategy starting with strategy_type simple for 0 executors
1722075205.257098 2024-07-27 18:13:25 MainProcess-1010379 JobStatusPoller-Timer-Thread-139743575954864-139743573690112 parsl.process_loggers:27 wrapped DEBUG: Normal ending for _general_strategy on thread JobStatusPoller-Timer-Thread-139743575954864
1722075210.257504 2024-07-27 18:13:30 MainProcess-1010379 JobStatusPoller-Timer-Thread-139743575954864-139743573690112 parsl.jobs.strategy:184 _general_strategy DEBUG: general strategy starting with strategy_type simple for 0 executors
1722075210.257701 2024-07-27 18:13:30 MainProcess-1010379 JobStatusPoller-Timer-Thread-139743575954864-139743573690112 parsl.process_loggers:27 wrapped DEBUG: Normal ending for _general_strategy on thread JobStatusPoller-Timer-Thread-139743575954864
1722075215.258037 2024-07-27 18:13:35 MainProcess-1010379 JobStatusPoller-Timer-Thread-139743575954864-139743573690112 parsl.jobs.strategy:184 _general_strategy DEBUG: general strategy starting with strategy_type simple for 0 executors
1722075215.258277 2024-07-27 18:13:35 MainProcess-1010379 JobStatusPoller-Timer-Thread-139743575954864-139743573690112 parsl.process_loggers:27 wrapped DEBUG: Normal ending for _general_strategy on thread JobStatusPoller-Timer-Thread-139743575954864
1722075220.258676 2024-07-27 18:13:40 MainProcess-1010379 JobStatusPoller-Timer-Thread-139743575954864-139743573690112 parsl.jobs.strategy:184 _general_strategy DEBUG: general strategy starting with strategy_type simple for 0 executors
1722075220.258908 2024-07-27 18:13:40 MainProcess-1010379 JobStatusPoller-Timer-Thread-139743575954864-139743573690112 parsl.process_loggers:27 wrapped DEBUG: Normal ending for _general_strategy on thread JobStatusPoller-Timer-Thread-139743575954864
1722075225.259293 2024-07-27 18:13:45 MainProcess-1010379 JobStatusPoller-Timer-Thread-139743575954864-139743573690112 parsl.jobs.strategy:184 _general_strategy DEBUG: general strategy starting with strategy_type simple for 0 executors
1722075225.259565 2024-07-27 18:13:45 MainProcess-1010379 JobStatusPoller-Timer-Thread-139743575954864-139743573690112 parsl.process_loggers:27 wrapped DEBUG: Normal ending for _general_strategy on thread JobStatusPoller-Timer-Thread-139743575954864
1722075230.259969 2024-07-27 18:13:50 MainProcess-1010379 JobStatusPoller-Timer-Thread-139743575954864-139743573690112 parsl.jobs.strategy:184 _general_strategy DEBUG: general strategy starting with strategy_type simple for 0 executors
1722075230.260244 2024-07-27 18:13:50 MainProcess-1010379 JobStatusPoller-Timer-Thread-139743575954864-139743573690112 parsl.process_loggers:27 wrapped DEBUG: Normal ending for _general_strategy on thread JobStatusPoller-Timer-Thread-139743575954864
1722075235.260682 2024-07-27 18:13:55 MainProcess-1010379 JobStatusPoller-Timer-Thread-139743575954864-139743573690112 parsl.jobs.strategy:184 _general_strategy DEBUG: general strategy starting with strategy_type simple for 0 executors
1722075235.260935 2024-07-27 18:13:55 MainProcess-1010379 JobStatusPoller-Timer-Thread-139743575954864-139743573690112 parsl.process_loggers:27 wrapped DEBUG: Normal ending for _general_strategy on thread JobStatusPoller-Timer-Thread-139743575954864
1722075240.261795 2024-07-27 18:14:00 MainProcess-1010379 JobStatusPoller-Timer-Thread-139743575954864-139743573690112 parsl.jobs.strategy:184 _general_strategy DEBUG: general strategy starting with strategy_type simple for 0 executors
1722075240.262275 2024-07-27 18:14:00 MainProcess-1010379 JobStatusPoller-Timer-Thread-139743575954864-139743573690112 parsl.process_loggers:27 wrapped DEBUG: Normal ending for _general_strategy on thread JobStatusPoller-Timer-Thread-139743575954864
1722075245.262736 2024-07-27 18:14:05 MainProcess-1010379 JobStatusPoller-Timer-Thread-139743575954864-139743573690112 parsl.jobs.strategy:184 _general_strategy DEBUG: general strategy starting with strategy_type simple for 0 executors
1722075245.263226 2024-07-27 18:14:05 MainProcess-1010379 JobStatusPoller-Timer-Thread-139743575954864-139743573690112 parsl.process_loggers:27 wrapped DEBUG: Normal ending for _general_strategy on thread JobStatusPoller-Timer-Thread-139743575954864
1722075250.263535 2024-07-27 18:14:10 MainProcess-1010379 JobStatusPoller-Timer-Thread-139743575954864-139743573690112 parsl.jobs.strategy:184 _general_strategy DEBUG: general strategy starting with strategy_type simple for 0 executors
1722075250.264100 2024-07-27 18:14:10 MainProcess-1010379 JobStatusPoller-Timer-Thread-139743575954864-139743573690112 parsl.process_loggers:27 wrapped DEBUG: Normal ending for _general_strategy on thread JobStatusPoller-Timer-Thread-139743575954864
1722075255.264425 2024-07-27 18:14:15 MainProcess-1010379 JobStatusPoller-Timer-Thread-139743575954864-139743573690112 parsl.jobs.strategy:184 _general_strategy DEBUG: general strategy starting with strategy_type simple for 0 executors
1722075255.265069 2024-07-27 18:14:15 MainProcess-1010379 JobStatusPoller-Timer-Thread-139743575954864-139743573690112 parsl.process_loggers:27 wrapped DEBUG: Normal ending for _general_strategy on thread JobStatusPoller-Timer-Thread-139743575954864
1722075260.265389 2024-07-27 18:14:20 MainProcess-1010379 JobStatusPoller-Timer-Thread-139743575954864-139743573690112 parsl.jobs.strategy:184 _general_strategy DEBUG: general strategy starting with strategy_type simple for 0 executors
1722075260.265916 2024-07-27 18:14:20 MainProcess-1010379 JobStatusPoller-Timer-Thread-139743575954864-139743573690112 parsl.process_loggers:27 wrapped DEBUG: Normal ending for _general_strategy on thread JobStatusPoller-Timer-Thread-139743575954864
1722075265.266216 2024-07-27 18:14:25 MainProcess-1010379 JobStatusPoller-Timer-Thread-139743575954864-139743573690112 parsl.jobs.strategy:184 _general_strategy DEBUG: general strategy starting with strategy_type simple for 0 executors
1722075265.266766 2024-07-27 18:14:25 MainProcess-1010379 JobStatusPoller-Timer-Thread-139743575954864-139743573690112 parsl.process_loggers:27 wrapped DEBUG: Normal ending for _general_strategy on thread JobStatusPoller-Timer-Thread-139743575954864
1722075270.267105 2024-07-27 18:14:30 MainProcess-1010379 JobStatusPoller-Timer-Thread-139743575954864-139743573690112 parsl.jobs.strategy:184 _general_strategy DEBUG: general strategy starting with strategy_type simple for 0 executors
1722075270.267693 2024-07-27 18:14:30 MainProcess-1010379 JobStatusPoller-Timer-Thread-139743575954864-139743573690112 parsl.process_loggers:27 wrapped DEBUG: Normal ending for _general_strategy on thread JobStatusPoller-Timer-Thread-139743575954864
1722075275.268008 2024-07-27 18:14:35 MainProcess-1010379 JobStatusPoller-Timer-Thread-139743575954864-139743573690112 parsl.jobs.strategy:184 _general_strategy DEBUG: general strategy starting with strategy_type simple for 0 executors
1722075275.268501 2024-07-27 18:14:35 MainProcess-1010379 JobStatusPoller-Timer-Thread-139743575954864-139743573690112 parsl.process_loggers:27 wrapped DEBUG: Normal ending for _general_strategy on thread JobStatusPoller-Timer-Thread-139743575954864
1722075280.268820 2024-07-27 18:14:40 MainProcess-1010379 JobStatusPoller-Timer-Thread-139743575954864-139743573690112 parsl.jobs.strategy:184 _general_strategy DEBUG: general strategy starting with strategy_type simple for 0 executors
1722075280.269397 2024-07-27 18:14:40 MainProcess-1010379 JobStatusPoller-Timer-Thread-139743575954864-139743573690112 parsl.process_loggers:27 wrapped DEBUG: Normal ending for _general_strategy on thread JobStatusPoller-Timer-Thread-139743575954864
1722075285.269721 2024-07-27 18:14:45 MainProcess-1010379 JobStatusPoller-Timer-Thread-139743575954864-139743573690112 parsl.jobs.strategy:184 _general_strategy DEBUG: general strategy starting with strategy_type simple for 0 executors
1722075285.270222 2024-07-27 18:14:45 MainProcess-1010379 JobStatusPoller-Timer-Thread-139743575954864-139743573690112 parsl.process_loggers:27 wrapped DEBUG: Normal ending for _general_strategy on thread JobStatusPoller-Timer-Thread-139743575954864
1722075290.270727 2024-07-27 18:14:50 MainProcess-1010379 JobStatusPoller-Timer-Thread-139743575954864-139743573690112 parsl.jobs.strategy:184 _general_strategy DEBUG: general strategy starting with strategy_type simple for 0 executors
1722075290.271282 2024-07-27 18:14:50 MainProcess-1010379 JobStatusPoller-Timer-Thread-139743575954864-139743573690112 parsl.process_loggers:27 wrapped DEBUG: Normal ending for _general_strategy on thread JobStatusPoller-Timer-Thread-139743575954864
1722075295.271610 2024-07-27 18:14:55 MainProcess-1010379 JobStatusPoller-Timer-Thread-139743575954864-139743573690112 parsl.jobs.strategy:184 _general_strategy DEBUG: general strategy starting with strategy_type simple for 0 executors
1722075295.272181 2024-07-27 18:14:55 MainProcess-1010379 JobStatusPoller-Timer-Thread-139743575954864-139743573690112 parsl.process_loggers:27 wrapped DEBUG: Normal ending for _general_strategy on thread JobStatusPoller-Timer-Thread-139743575954864
1722075300.272505 2024-07-27 18:15:00 MainProcess-1010379 JobStatusPoller-Timer-Thread-139743575954864-139743573690112 parsl.jobs.strategy:184 _general_strategy DEBUG: general strategy starting with strategy_type simple for 0 executors
1722075300.273012 2024-07-27 18:15:00 MainProcess-1010379 JobStatusPoller-Timer-Thread-139743575954864-139743573690112 parsl.process_loggers:27 wrapped DEBUG: Normal ending for _general_strategy on thread JobStatusPoller-Timer-Thread-139743575954864
1722075305.292321 2024-07-27 18:15:05 MainProcess-1010379 JobStatusPoller-Timer-Thread-139743575954864-139743573690112 parsl.jobs.strategy:184 _general_strategy DEBUG: general strategy starting with strategy_type simple for 0 executors
1722075305.292557 2024-07-27 18:15:05 MainProcess-1010379 JobStatusPoller-Timer-Thread-139743575954864-139743573690112 parsl.process_loggers:27 wrapped DEBUG: Normal ending for _general_strategy on thread JobStatusPoller-Timer-Thread-139743575954864
1722075310.292858 2024-07-27 18:15:10 MainProcess-1010379 JobStatusPoller-Timer-Thread-139743575954864-139743573690112 parsl.jobs.strategy:184 _general_strategy DEBUG: general strategy starting with strategy_type simple for 0 executors
1722075310.293447 2024-07-27 18:15:10 MainProcess-1010379 JobStatusPoller-Timer-Thread-139743575954864-139743573690112 parsl.process_loggers:27 wrapped DEBUG: Normal ending for _general_strategy on thread JobStatusPoller-Timer-Thread-139743575954864
1722075315.293761 2024-07-27 18:15:15 MainProcess-1010379 JobStatusPoller-Timer-Thread-139743575954864-139743573690112 parsl.jobs.strategy:184 _general_strategy DEBUG: general strategy starting with strategy_type simple for 0 executors
1722075315.296937 2024-07-27 18:15:15 MainProcess-1010379 JobStatusPoller-Timer-Thread-139743575954864-139743573690112 parsl.process_loggers:27 wrapped DEBUG: Normal ending for _general_strategy on thread JobStatusPoller-Timer-Thread-139743575954864
1722075320.297322 2024-07-27 18:15:20 MainProcess-1010379 JobStatusPoller-Timer-Thread-139743575954864-139743573690112 parsl.jobs.strategy:184 _general_strategy DEBUG: general strategy starting with strategy_type simple for 0 executors
1722075320.297886 2024-07-27 18:15:20 MainProcess-1010379 JobStatusPoller-Timer-Thread-139743575954864-139743573690112 parsl.process_loggers:27 wrapped DEBUG: Normal ending for _general_strategy on thread JobStatusPoller-Timer-Thread-139743575954864
1722075325.298228 2024-07-27 18:15:25 MainProcess-1010379 JobStatusPoller-Timer-Thread-139743575954864-139743573690112 parsl.jobs.strategy:184 _general_strategy DEBUG: general strategy starting with strategy_type simple for 0 executors
1722075325.298849 2024-07-27 18:15:25 MainProcess-1010379 JobStatusPoller-Timer-Thread-139743575954864-139743573690112 parsl.process_loggers:27 wrapped DEBUG: Normal ending for _general_strategy on thread JobStatusPoller-Timer-Thread-139743575954864
1722075330.299174 2024-07-27 18:15:30 MainProcess-1010379 JobStatusPoller-Timer-Thread-139743575954864-139743573690112 parsl.jobs.strategy:184 _general_strategy DEBUG: general strategy starting with strategy_type simple for 0 executors
1722075330.299719 2024-07-27 18:15:30 MainProcess-1010379 JobStatusPoller-Timer-Thread-139743575954864-139743573690112 parsl.process_loggers:27 wrapped DEBUG: Normal ending for _general_strategy on thread JobStatusPoller-Timer-Thread-139743575954864
1722075335.300049 2024-07-27 18:15:35 MainProcess-1010379 JobStatusPoller-Timer-Thread-139743575954864-139743573690112 parsl.jobs.strategy:184 _general_strategy DEBUG: general strategy starting with strategy_type simple for 0 executors
1722075335.300542 2024-07-27 18:15:35 MainProcess-1010379 JobStatusPoller-Timer-Thread-139743575954864-139743573690112 parsl.process_loggers:27 wrapped DEBUG: Normal ending for _general_strategy on thread JobStatusPoller-Timer-Thread-139743575954864
1722075340.300878 2024-07-27 18:15:40 MainProcess-1010379 JobStatusPoller-Timer-Thread-139743575954864-139743573690112 parsl.jobs.strategy:184 _general_strategy DEBUG: general strategy starting with strategy_type simple for 0 executors
1722075340.301417 2024-07-27 18:15:40 MainProcess-1010379 JobStatusPoller-Timer-Thread-139743575954864-139743573690112 parsl.process_loggers:27 wrapped DEBUG: Normal ending for _general_strategy on thread JobStatusPoller-Timer-Thread-139743575954864
1722075345.301737 2024-07-27 18:15:45 MainProcess-1010379 JobStatusPoller-Timer-Thread-139743575954864-139743573690112 parsl.jobs.strategy:184 _general_strategy DEBUG: general strategy starting with strategy_type simple for 0 executors
1722075345.302296 2024-07-27 18:15:45 MainProcess-1010379 JobStatusPoller-Timer-Thread-139743575954864-139743573690112 parsl.process_loggers:27 wrapped DEBUG: Normal ending for _general_strategy on thread JobStatusPoller-Timer-Thread-139743575954864
1722075350.302613 2024-07-27 18:15:50 MainProcess-1010379 JobStatusPoller-Timer-Thread-139743575954864-139743573690112 parsl.jobs.strategy:184 _general_strategy DEBUG: general strategy starting with strategy_type simple for 0 executors
1722075350.303262 2024-07-27 18:15:50 MainProcess-1010379 JobStatusPoller-Timer-Thread-139743575954864-139743573690112 parsl.process_loggers:27 wrapped DEBUG: Normal ending for _general_strategy on thread JobStatusPoller-Timer-Thread-139743575954864
1722075355.303574 2024-07-27 18:15:55 MainProcess-1010379 JobStatusPoller-Timer-Thread-139743575954864-139743573690112 parsl.jobs.strategy:184 _general_strategy DEBUG: general strategy starting with strategy_type simple for 0 executors
1722075355.304164 2024-07-27 18:15:55 MainProcess-1010379 JobStatusPoller-Timer-Thread-139743575954864-139743573690112 parsl.process_loggers:27 wrapped DEBUG: Normal ending for _general_strategy on thread JobStatusPoller-Timer-Thread-139743575954864
1722075360.304474 2024-07-27 18:16:00 MainProcess-1010379 JobStatusPoller-Timer-Thread-139743575954864-139743573690112 parsl.jobs.strategy:184 _general_strategy DEBUG: general strategy starting with strategy_type simple for 0 executors
1722075360.304694 2024-07-27 18:16:00 MainProcess-1010379 JobStatusPoller-Timer-Thread-139743575954864-139743573690112 parsl.process_loggers:27 wrapped DEBUG: Normal ending for _general_strategy on thread JobStatusPoller-Timer-Thread-139743575954864
1722075365.304990 2024-07-27 18:16:05 MainProcess-1010379 JobStatusPoller-Timer-Thread-139743575954864-139743573690112 parsl.jobs.strategy:184 _general_strategy DEBUG: general strategy starting with strategy_type simple for 0 executors
1722075365.309767 2024-07-27 18:16:05 MainProcess-1010379 JobStatusPoller-Timer-Thread-139743575954864-139743573690112 parsl.process_loggers:27 wrapped DEBUG: Normal ending for _general_strategy on thread JobStatusPoller-Timer-Thread-139743575954864
1722075370.310202 2024-07-27 18:16:10 MainProcess-1010379 JobStatusPoller-Timer-Thread-139743575954864-139743573690112 parsl.jobs.strategy:184 _general_strategy DEBUG: general strategy starting with strategy_type simple for 0 executors
1722075370.313876 2024-07-27 18:16:10 MainProcess-1010379 JobStatusPoller-Timer-Thread-139743575954864-139743573690112 parsl.process_loggers:27 wrapped DEBUG: Normal ending for _general_strategy on thread JobStatusPoller-Timer-Thread-139743575954864
1722075375.314272 2024-07-27 18:16:15 MainProcess-1010379 JobStatusPoller-Timer-Thread-139743575954864-139743573690112 parsl.jobs.strategy:184 _general_strategy DEBUG: general strategy starting with strategy_type simple for 0 executors
1722075375.314706 2024-07-27 18:16:15 MainProcess-1010379 JobStatusPoller-Timer-Thread-139743575954864-139743573690112 parsl.process_loggers:27 wrapped DEBUG: Normal ending for _general_strategy on thread JobStatusPoller-Timer-Thread-139743575954864
1722075380.315031 2024-07-27 18:16:20 MainProcess-1010379 JobStatusPoller-Timer-Thread-139743575954864-139743573690112 parsl.jobs.strategy:184 _general_strategy DEBUG: general strategy starting with strategy_type simple for 0 executors
1722075380.315612 2024-07-27 18:16:20 MainProcess-1010379 JobStatusPoller-Timer-Thread-139743575954864-139743573690112 parsl.process_loggers:27 wrapped DEBUG: Normal ending for _general_strategy on thread JobStatusPoller-Timer-Thread-139743575954864
1722075385.315955 2024-07-27 18:16:25 MainProcess-1010379 JobStatusPoller-Timer-Thread-139743575954864-139743573690112 parsl.jobs.strategy:184 _general_strategy DEBUG: general strategy starting with strategy_type simple for 0 executors
1722075385.319183 2024-07-27 18:16:25 MainProcess-1010379 JobStatusPoller-Timer-Thread-139743575954864-139743573690112 parsl.process_loggers:27 wrapped DEBUG: Normal ending for _general_strategy on thread JobStatusPoller-Timer-Thread-139743575954864
1722075390.319597 2024-07-27 18:16:30 MainProcess-1010379 JobStatusPoller-Timer-Thread-139743575954864-139743573690112 parsl.jobs.strategy:184 _general_strategy DEBUG: general strategy starting with strategy_type simple for 0 executors
1722075390.320063 2024-07-27 18:16:30 MainProcess-1010379 JobStatusPoller-Timer-Thread-139743575954864-139743573690112 parsl.process_loggers:27 wrapped DEBUG: Normal ending for _general_strategy on thread JobStatusPoller-Timer-Thread-139743575954864
1722075395.320396 2024-07-27 18:16:35 MainProcess-1010379 JobStatusPoller-Timer-Thread-139743575954864-139743573690112 parsl.jobs.strategy:184 _general_strategy DEBUG: general strategy starting with strategy_type simple for 0 executors
1722075395.320923 2024-07-27 18:16:35 MainProcess-1010379 JobStatusPoller-Timer-Thread-139743575954864-139743573690112 parsl.process_loggers:27 wrapped DEBUG: Normal ending for _general_strategy on thread JobStatusPoller-Timer-Thread-139743575954864
1722075400.321236 2024-07-27 18:16:40 MainProcess-1010379 JobStatusPoller-Timer-Thread-139743575954864-139743573690112 parsl.jobs.strategy:184 _general_strategy DEBUG: general strategy starting with strategy_type simple for 0 executors
1722075400.321850 2024-07-27 18:16:40 MainProcess-1010379 JobStatusPoller-Timer-Thread-139743575954864-139743573690112 parsl.process_loggers:27 wrapped DEBUG: Normal ending for _general_strategy on thread JobStatusPoller-Timer-Thread-139743575954864
1722075405.322169 2024-07-27 18:16:45 MainProcess-1010379 JobStatusPoller-Timer-Thread-139743575954864-139743573690112 parsl.jobs.strategy:184 _general_strategy DEBUG: general strategy starting with strategy_type simple for 0 executors
1722075405.322787 2024-07-27 18:16:45 MainProcess-1010379 JobStatusPoller-Timer-Thread-139743575954864-139743573690112 parsl.process_loggers:27 wrapped DEBUG: Normal ending for _general_strategy on thread JobStatusPoller-Timer-Thread-139743575954864
1722075410.323105 2024-07-27 18:16:50 MainProcess-1010379 JobStatusPoller-Timer-Thread-139743575954864-139743573690112 parsl.jobs.strategy:184 _general_strategy DEBUG: general strategy starting with strategy_type simple for 0 executors
1722075410.323635 2024-07-27 18:16:50 MainProcess-1010379 JobStatusPoller-Timer-Thread-139743575954864-139743573690112 parsl.process_loggers:27 wrapped DEBUG: Normal ending for _general_strategy on thread JobStatusPoller-Timer-Thread-139743575954864
1722075415.338053 2024-07-27 18:16:55 MainProcess-1010379 JobStatusPoller-Timer-Thread-139743575954864-139743573690112 parsl.jobs.strategy:184 _general_strategy DEBUG: general strategy starting with strategy_type simple for 0 executors
1722075415.346230 2024-07-27 18:16:55 MainProcess-1010379 JobStatusPoller-Timer-Thread-139743575954864-139743573690112 parsl.process_loggers:27 wrapped DEBUG: Normal ending for _general_strategy on thread JobStatusPoller-Timer-Thread-139743575954864
1722075420.346660 2024-07-27 18:17:00 MainProcess-1010379 JobStatusPoller-Timer-Thread-139743575954864-139743573690112 parsl.jobs.strategy:184 _general_strategy DEBUG: general strategy starting with strategy_type simple for 0 executors
1722075420.347141 2024-07-27 18:17:00 MainProcess-1010379 JobStatusPoller-Timer-Thread-139743575954864-139743573690112 parsl.process_loggers:27 wrapped DEBUG: Normal ending for _general_strategy on thread JobStatusPoller-Timer-Thread-139743575954864
1722075425.347451 2024-07-27 18:17:05 MainProcess-1010379 JobStatusPoller-Timer-Thread-139743575954864-139743573690112 parsl.jobs.strategy:184 _general_strategy DEBUG: general strategy starting with strategy_type simple for 0 executors
1722075425.347899 2024-07-27 18:17:05 MainProcess-1010379 JobStatusPoller-Timer-Thread-139743575954864-139743573690112 parsl.process_loggers:27 wrapped DEBUG: Normal ending for _general_strategy on thread JobStatusPoller-Timer-Thread-139743575954864
1722075430.348212 2024-07-27 18:17:10 MainProcess-1010379 JobStatusPoller-Timer-Thread-139743575954864-139743573690112 parsl.jobs.strategy:184 _general_strategy DEBUG: general strategy starting with strategy_type simple for 0 executors
1722075430.348797 2024-07-27 18:17:10 MainProcess-1010379 JobStatusPoller-Timer-Thread-139743575954864-139743573690112 parsl.process_loggers:27 wrapped DEBUG: Normal ending for _general_strategy on thread JobStatusPoller-Timer-Thread-139743575954864
1722075435.349114 2024-07-27 18:17:15 MainProcess-1010379 JobStatusPoller-Timer-Thread-139743575954864-139743573690112 parsl.jobs.strategy:184 _general_strategy DEBUG: general strategy starting with strategy_type simple for 0 executors
1722075435.349697 2024-07-27 18:17:15 MainProcess-1010379 JobStatusPoller-Timer-Thread-139743575954864-139743573690112 parsl.process_loggers:27 wrapped DEBUG: Normal ending for _general_strategy on thread JobStatusPoller-Timer-Thread-139743575954864
1722075440.350006 2024-07-27 18:17:20 MainProcess-1010379 JobStatusPoller-Timer-Thread-139743575954864-139743573690112 parsl.jobs.strategy:184 _general_strategy DEBUG: general strategy starting with strategy_type simple for 0 executors
1722075440.350649 2024-07-27 18:17:20 MainProcess-1010379 JobStatusPoller-Timer-Thread-139743575954864-139743573690112 parsl.process_loggers:27 wrapped DEBUG: Normal ending for _general_strategy on thread JobStatusPoller-Timer-Thread-139743575954864
1722075445.350966 2024-07-27 18:17:25 MainProcess-1010379 JobStatusPoller-Timer-Thread-139743575954864-139743573690112 parsl.jobs.strategy:184 _general_strategy DEBUG: general strategy starting with strategy_type simple for 0 executors
1722075445.351548 2024-07-27 18:17:25 MainProcess-1010379 JobStatusPoller-Timer-Thread-139743575954864-139743573690112 parsl.process_loggers:27 wrapped DEBUG: Normal ending for _general_strategy on thread JobStatusPoller-Timer-Thread-139743575954864
1722075450.351862 2024-07-27 18:17:30 MainProcess-1010379 JobStatusPoller-Timer-Thread-139743575954864-139743573690112 parsl.jobs.strategy:184 _general_strategy DEBUG: general strategy starting with strategy_type simple for 0 executors
1722075450.352485 2024-07-27 18:17:30 MainProcess-1010379 JobStatusPoller-Timer-Thread-139743575954864-139743573690112 parsl.process_loggers:27 wrapped DEBUG: Normal ending for _general_strategy on thread JobStatusPoller-Timer-Thread-139743575954864
1722075455.352813 2024-07-27 18:17:35 MainProcess-1010379 JobStatusPoller-Timer-Thread-139743575954864-139743573690112 parsl.jobs.strategy:184 _general_strategy DEBUG: general strategy starting with strategy_type simple for 0 executors
1722075455.353055 2024-07-27 18:17:35 MainProcess-1010379 JobStatusPoller-Timer-Thread-139743575954864-139743573690112 parsl.process_loggers:27 wrapped DEBUG: Normal ending for _general_strategy on thread JobStatusPoller-Timer-Thread-139743575954864
1722075460.353472 2024-07-27 18:17:40 MainProcess-1010379 JobStatusPoller-Timer-Thread-139743575954864-139743573690112 parsl.jobs.strategy:184 _general_strategy DEBUG: general strategy starting with strategy_type simple for 0 executors
1722075460.353713 2024-07-27 18:17:40 MainProcess-1010379 JobStatusPoller-Timer-Thread-139743575954864-139743573690112 parsl.process_loggers:27 wrapped DEBUG: Normal ending for _general_strategy on thread JobStatusPoller-Timer-Thread-139743575954864
1722075465.354089 2024-07-27 18:17:45 MainProcess-1010379 JobStatusPoller-Timer-Thread-139743575954864-139743573690112 parsl.jobs.strategy:184 _general_strategy DEBUG: general strategy starting with strategy_type simple for 0 executors
1722075465.354340 2024-07-27 18:17:45 MainProcess-1010379 JobStatusPoller-Timer-Thread-139743575954864-139743573690112 parsl.process_loggers:27 wrapped DEBUG: Normal ending for _general_strategy on thread JobStatusPoller-Timer-Thread-139743575954864
1722075470.354759 2024-07-27 18:17:50 MainProcess-1010379 JobStatusPoller-Timer-Thread-139743575954864-139743573690112 parsl.jobs.strategy:184 _general_strategy DEBUG: general strategy starting with strategy_type simple for 0 executors
1722075470.355005 2024-07-27 18:17:50 MainProcess-1010379 JobStatusPoller-Timer-Thread-139743575954864-139743573690112 parsl.process_loggers:27 wrapped DEBUG: Normal ending for _general_strategy on thread JobStatusPoller-Timer-Thread-139743575954864
1722075475.355446 2024-07-27 18:17:55 MainProcess-1010379 JobStatusPoller-Timer-Thread-139743575954864-139743573690112 parsl.jobs.strategy:184 _general_strategy DEBUG: general strategy starting with strategy_type simple for 0 executors
1722075475.355684 2024-07-27 18:17:55 MainProcess-1010379 JobStatusPoller-Timer-Thread-139743575954864-139743573690112 parsl.process_loggers:27 wrapped DEBUG: Normal ending for _general_strategy on thread JobStatusPoller-Timer-Thread-139743575954864
1722075480.356167 2024-07-27 18:18:00 MainProcess-1010379 JobStatusPoller-Timer-Thread-139743575954864-139743573690112 parsl.jobs.strategy:184 _general_strategy DEBUG: general strategy starting with strategy_type simple for 0 executors
1722075480.356395 2024-07-27 18:18:00 MainProcess-1010379 JobStatusPoller-Timer-Thread-139743575954864-139743573690112 parsl.process_loggers:27 wrapped DEBUG: Normal ending for _general_strategy on thread JobStatusPoller-Timer-Thread-139743575954864
1722075485.356859 2024-07-27 18:18:05 MainProcess-1010379 JobStatusPoller-Timer-Thread-139743575954864-139743573690112 parsl.jobs.strategy:184 _general_strategy DEBUG: general strategy starting with strategy_type simple for 0 executors
1722075485.357070 2024-07-27 18:18:05 MainProcess-1010379 JobStatusPoller-Timer-Thread-139743575954864-139743573690112 parsl.process_loggers:27 wrapped DEBUG: Normal ending for _general_strategy on thread JobStatusPoller-Timer-Thread-139743575954864
1722075490.357488 2024-07-27 18:18:10 MainProcess-1010379 JobStatusPoller-Timer-Thread-139743575954864-139743573690112 parsl.jobs.strategy:184 _general_strategy DEBUG: general strategy starting with strategy_type simple for 0 executors
1722075490.357717 2024-07-27 18:18:10 MainProcess-1010379 JobStatusPoller-Timer-Thread-139743575954864-139743573690112 parsl.process_loggers:27 wrapped DEBUG: Normal ending for _general_strategy on thread JobStatusPoller-Timer-Thread-139743575954864
1722075495.358160 2024-07-27 18:18:15 MainProcess-1010379 JobStatusPoller-Timer-Thread-139743575954864-139743573690112 parsl.jobs.strategy:184 _general_strategy DEBUG: general strategy starting with strategy_type simple for 0 executors
1722075495.358398 2024-07-27 18:18:15 MainProcess-1010379 JobStatusPoller-Timer-Thread-139743575954864-139743573690112 parsl.process_loggers:27 wrapped DEBUG: Normal ending for _general_strategy on thread JobStatusPoller-Timer-Thread-139743575954864
1722075500.358827 2024-07-27 18:18:20 MainProcess-1010379 JobStatusPoller-Timer-Thread-139743575954864-139743573690112 parsl.jobs.strategy:184 _general_strategy DEBUG: general strategy starting with strategy_type simple for 0 executors
1722075500.359053 2024-07-27 18:18:20 MainProcess-1010379 JobStatusPoller-Timer-Thread-139743575954864-139743573690112 parsl.process_loggers:27 wrapped DEBUG: Normal ending for _general_strategy on thread JobStatusPoller-Timer-Thread-139743575954864
1722075505.359372 2024-07-27 18:18:25 MainProcess-1010379 JobStatusPoller-Timer-Thread-139743575954864-139743573690112 parsl.jobs.strategy:184 _general_strategy DEBUG: general strategy starting with strategy_type simple for 0 executors
1722075505.359599 2024-07-27 18:18:25 MainProcess-1010379 JobStatusPoller-Timer-Thread-139743575954864-139743573690112 parsl.process_loggers:27 wrapped DEBUG: Normal ending for _general_strategy on thread JobStatusPoller-Timer-Thread-139743575954864
1722075510.360014 2024-07-27 18:18:30 MainProcess-1010379 JobStatusPoller-Timer-Thread-139743575954864-139743573690112 parsl.jobs.strategy:184 _general_strategy DEBUG: general strategy starting with strategy_type simple for 0 executors
1722075510.360285 2024-07-27 18:18:30 MainProcess-1010379 JobStatusPoller-Timer-Thread-139743575954864-139743573690112 parsl.process_loggers:27 wrapped DEBUG: Normal ending for _general_strategy on thread JobStatusPoller-Timer-Thread-139743575954864
1722075515.360693 2024-07-27 18:18:35 MainProcess-1010379 JobStatusPoller-Timer-Thread-139743575954864-139743573690112 parsl.jobs.strategy:184 _general_strategy DEBUG: general strategy starting with strategy_type simple for 0 executors
1722075515.360937 2024-07-27 18:18:35 MainProcess-1010379 JobStatusPoller-Timer-Thread-139743575954864-139743573690112 parsl.process_loggers:27 wrapped DEBUG: Normal ending for _general_strategy on thread JobStatusPoller-Timer-Thread-139743575954864
1722075520.361324 2024-07-27 18:18:40 MainProcess-1010379 JobStatusPoller-Timer-Thread-139743575954864-139743573690112 parsl.jobs.strategy:184 _general_strategy DEBUG: general strategy starting with strategy_type simple for 0 executors
1722075520.361782 2024-07-27 18:18:40 MainProcess-1010379 JobStatusPoller-Timer-Thread-139743575954864-139743573690112 parsl.process_loggers:27 wrapped DEBUG: Normal ending for _general_strategy on thread JobStatusPoller-Timer-Thread-139743575954864
1722075525.362196 2024-07-27 18:18:45 MainProcess-1010379 JobStatusPoller-Timer-Thread-139743575954864-139743573690112 parsl.jobs.strategy:184 _general_strategy DEBUG: general strategy starting with strategy_type simple for 0 executors
1722075525.362587 2024-07-27 18:18:45 MainProcess-1010379 JobStatusPoller-Timer-Thread-139743575954864-139743573690112 parsl.process_loggers:27 wrapped DEBUG: Normal ending for _general_strategy on thread JobStatusPoller-Timer-Thread-139743575954864
1722075530.362945 2024-07-27 18:18:50 MainProcess-1010379 JobStatusPoller-Timer-Thread-139743575954864-139743573690112 parsl.jobs.strategy:184 _general_strategy DEBUG: general strategy starting with strategy_type simple for 0 executors
1722075530.363170 2024-07-27 18:18:50 MainProcess-1010379 JobStatusPoller-Timer-Thread-139743575954864-139743573690112 parsl.process_loggers:27 wrapped DEBUG: Normal ending for _general_strategy on thread JobStatusPoller-Timer-Thread-139743575954864
1722075535.363542 2024-07-27 18:18:55 MainProcess-1010379 JobStatusPoller-Timer-Thread-139743575954864-139743573690112 parsl.jobs.strategy:184 _general_strategy DEBUG: general strategy starting with strategy_type simple for 0 executors
1722075535.363769 2024-07-27 18:18:55 MainProcess-1010379 JobStatusPoller-Timer-Thread-139743575954864-139743573690112 parsl.process_loggers:27 wrapped DEBUG: Normal ending for _general_strategy on thread JobStatusPoller-Timer-Thread-139743575954864
1722075540.364127 2024-07-27 18:19:00 MainProcess-1010379 JobStatusPoller-Timer-Thread-139743575954864-139743573690112 parsl.jobs.strategy:184 _general_strategy DEBUG: general strategy starting with strategy_type simple for 0 executors
1722075540.364396 2024-07-27 18:19:00 MainProcess-1010379 JobStatusPoller-Timer-Thread-139743575954864-139743573690112 parsl.process_loggers:27 wrapped DEBUG: Normal ending for _general_strategy on thread JobStatusPoller-Timer-Thread-139743575954864
1722075545.364817 2024-07-27 18:19:05 MainProcess-1010379 JobStatusPoller-Timer-Thread-139743575954864-139743573690112 parsl.jobs.strategy:184 _general_strategy DEBUG: general strategy starting with strategy_type simple for 0 executors
1722075545.365062 2024-07-27 18:19:05 MainProcess-1010379 JobStatusPoller-Timer-Thread-139743575954864-139743573690112 parsl.process_loggers:27 wrapped DEBUG: Normal ending for _general_strategy on thread JobStatusPoller-Timer-Thread-139743575954864
1722075550.365547 2024-07-27 18:19:10 MainProcess-1010379 JobStatusPoller-Timer-Thread-139743575954864-139743573690112 parsl.jobs.strategy:184 _general_strategy DEBUG: general strategy starting with strategy_type simple for 0 executors
1722075550.365796 2024-07-27 18:19:10 MainProcess-1010379 JobStatusPoller-Timer-Thread-139743575954864-139743573690112 parsl.process_loggers:27 wrapped DEBUG: Normal ending for _general_strategy on thread JobStatusPoller-Timer-Thread-139743575954864
1722075555.366226 2024-07-27 18:19:15 MainProcess-1010379 JobStatusPoller-Timer-Thread-139743575954864-139743573690112 parsl.jobs.strategy:184 _general_strategy DEBUG: general strategy starting with strategy_type simple for 0 executors
1722075555.366482 2024-07-27 18:19:15 MainProcess-1010379 JobStatusPoller-Timer-Thread-139743575954864-139743573690112 parsl.process_loggers:27 wrapped DEBUG: Normal ending for _general_strategy on thread JobStatusPoller-Timer-Thread-139743575954864
1722075560.366869 2024-07-27 18:19:20 MainProcess-1010379 JobStatusPoller-Timer-Thread-139743575954864-139743573690112 parsl.jobs.strategy:184 _general_strategy DEBUG: general strategy starting with strategy_type simple for 0 executors
1722075560.367108 2024-07-27 18:19:20 MainProcess-1010379 JobStatusPoller-Timer-Thread-139743575954864-139743573690112 parsl.process_loggers:27 wrapped DEBUG: Normal ending for _general_strategy on thread JobStatusPoller-Timer-Thread-139743575954864
1722075565.367577 2024-07-27 18:19:25 MainProcess-1010379 JobStatusPoller-Timer-Thread-139743575954864-139743573690112 parsl.jobs.strategy:184 _general_strategy DEBUG: general strategy starting with strategy_type simple for 0 executors
1722075565.367823 2024-07-27 18:19:25 MainProcess-1010379 JobStatusPoller-Timer-Thread-139743575954864-139743573690112 parsl.process_loggers:27 wrapped DEBUG: Normal ending for _general_strategy on thread JobStatusPoller-Timer-Thread-139743575954864
1722075570.368289 2024-07-27 18:19:30 MainProcess-1010379 JobStatusPoller-Timer-Thread-139743575954864-139743573690112 parsl.jobs.strategy:184 _general_strategy DEBUG: general strategy starting with strategy_type simple for 0 executors
1722075570.368542 2024-07-27 18:19:30 MainProcess-1010379 JobStatusPoller-Timer-Thread-139743575954864-139743573690112 parsl.process_loggers:27 wrapped DEBUG: Normal ending for _general_strategy on thread JobStatusPoller-Timer-Thread-139743575954864
1722075575.368863 2024-07-27 18:19:35 MainProcess-1010379 JobStatusPoller-Timer-Thread-139743575954864-139743573690112 parsl.jobs.strategy:184 _general_strategy DEBUG: general strategy starting with strategy_type simple for 0 executors
1722075575.369243 2024-07-27 18:19:35 MainProcess-1010379 JobStatusPoller-Timer-Thread-139743575954864-139743573690112 parsl.process_loggers:27 wrapped DEBUG: Normal ending for _general_strategy on thread JobStatusPoller-Timer-Thread-139743575954864
1722075580.369583 2024-07-27 18:19:40 MainProcess-1010379 JobStatusPoller-Timer-Thread-139743575954864-139743573690112 parsl.jobs.strategy:184 _general_strategy DEBUG: general strategy starting with strategy_type simple for 0 executors
1722075580.369779 2024-07-27 18:19:40 MainProcess-1010379 JobStatusPoller-Timer-Thread-139743575954864-139743573690112 parsl.process_loggers:27 wrapped DEBUG: Normal ending for _general_strategy on thread JobStatusPoller-Timer-Thread-139743575954864
1722075585.370183 2024-07-27 18:19:45 MainProcess-1010379 JobStatusPoller-Timer-Thread-139743575954864-139743573690112 parsl.jobs.strategy:184 _general_strategy DEBUG: general strategy starting with strategy_type simple for 0 executors
1722075585.370437 2024-07-27 18:19:45 MainProcess-1010379 JobStatusPoller-Timer-Thread-139743575954864-139743573690112 parsl.process_loggers:27 wrapped DEBUG: Normal ending for _general_strategy on thread JobStatusPoller-Timer-Thread-139743575954864
1722075590.370839 2024-07-27 18:19:50 MainProcess-1010379 JobStatusPoller-Timer-Thread-139743575954864-139743573690112 parsl.jobs.strategy:184 _general_strategy DEBUG: general strategy starting with strategy_type simple for 0 executors
1722075590.371125 2024-07-27 18:19:50 MainProcess-1010379 JobStatusPoller-Timer-Thread-139743575954864-139743573690112 parsl.process_loggers:27 wrapped DEBUG: Normal ending for _general_strategy on thread JobStatusPoller-Timer-Thread-139743575954864
1722075595.371579 2024-07-27 18:19:55 MainProcess-1010379 JobStatusPoller-Timer-Thread-139743575954864-139743573690112 parsl.jobs.strategy:184 _general_strategy DEBUG: general strategy starting with strategy_type simple for 0 executors
1722075595.371818 2024-07-27 18:19:55 MainProcess-1010379 JobStatusPoller-Timer-Thread-139743575954864-139743573690112 parsl.process_loggers:27 wrapped DEBUG: Normal ending for _general_strategy on thread JobStatusPoller-Timer-Thread-139743575954864
1722075600.372283 2024-07-27 18:20:00 MainProcess-1010379 JobStatusPoller-Timer-Thread-139743575954864-139743573690112 parsl.jobs.strategy:184 _general_strategy DEBUG: general strategy starting with strategy_type simple for 0 executors
1722075600.372519 2024-07-27 18:20:00 MainProcess-1010379 JobStatusPoller-Timer-Thread-139743575954864-139743573690112 parsl.process_loggers:27 wrapped DEBUG: Normal ending for _general_strategy on thread JobStatusPoller-Timer-Thread-139743575954864
1722075605.372805 2024-07-27 18:20:05 MainProcess-1010379 JobStatusPoller-Timer-Thread-139743575954864-139743573690112 parsl.jobs.strategy:184 _general_strategy DEBUG: general strategy starting with strategy_type simple for 0 executors
1722075605.373058 2024-07-27 18:20:05 MainProcess-1010379 JobStatusPoller-Timer-Thread-139743575954864-139743573690112 parsl.process_loggers:27 wrapped DEBUG: Normal ending for _general_strategy on thread JobStatusPoller-Timer-Thread-139743575954864
1722075610.373578 2024-07-27 18:20:10 MainProcess-1010379 JobStatusPoller-Timer-Thread-139743575954864-139743573690112 parsl.jobs.strategy:184 _general_strategy DEBUG: general strategy starting with strategy_type simple for 0 executors
1722075610.373805 2024-07-27 18:20:10 MainProcess-1010379 JobStatusPoller-Timer-Thread-139743575954864-139743573690112 parsl.process_loggers:27 wrapped DEBUG: Normal ending for _general_strategy on thread JobStatusPoller-Timer-Thread-139743575954864
1722075615.374193 2024-07-27 18:20:15 MainProcess-1010379 JobStatusPoller-Timer-Thread-139743575954864-139743573690112 parsl.jobs.strategy:184 _general_strategy DEBUG: general strategy starting with strategy_type simple for 0 executors
1722075615.374436 2024-07-27 18:20:15 MainProcess-1010379 JobStatusPoller-Timer-Thread-139743575954864-139743573690112 parsl.process_loggers:27 wrapped DEBUG: Normal ending for _general_strategy on thread JobStatusPoller-Timer-Thread-139743575954864
1722075620.374809 2024-07-27 18:20:20 MainProcess-1010379 JobStatusPoller-Timer-Thread-139743575954864-139743573690112 parsl.jobs.strategy:184 _general_strategy DEBUG: general strategy starting with strategy_type simple for 0 executors
1722075620.375022 2024-07-27 18:20:20 MainProcess-1010379 JobStatusPoller-Timer-Thread-139743575954864-139743573690112 parsl.process_loggers:27 wrapped DEBUG: Normal ending for _general_strategy on thread JobStatusPoller-Timer-Thread-139743575954864
1722075625.375384 2024-07-27 18:20:25 MainProcess-1010379 JobStatusPoller-Timer-Thread-139743575954864-139743573690112 parsl.jobs.strategy:184 _general_strategy DEBUG: general strategy starting with strategy_type simple for 0 executors
1722075625.375632 2024-07-27 18:20:25 MainProcess-1010379 JobStatusPoller-Timer-Thread-139743575954864-139743573690112 parsl.process_loggers:27 wrapped DEBUG: Normal ending for _general_strategy on thread JobStatusPoller-Timer-Thread-139743575954864
1722075630.049737 2024-07-27 18:20:30 MainProcess-1010379 ThreadPoolExecutor-0_0-139743556904704 parsl.dataflow.dflow:597 _complete_task INFO: Task 0 completed (launched -> exec_done)
1722075630.050108 2024-07-27 18:20:30 MainProcess-1010379 ThreadPoolExecutor-0_0-139743556904704 parsl.dataflow.dflow:1476 log_std_stream INFO: Standard out for task 0 will not be redirected.
1722075630.050242 2024-07-27 18:20:30 MainProcess-1010379 ThreadPoolExecutor-0_0-139743556904704 parsl.dataflow.dflow:1476 log_std_stream INFO: Standard error for task 0 will not be redirected.
1722075630.050580 2024-07-27 18:20:30 MainProcess-1010379 MainThread-139743636350784 parsl.dataflow.dflow:1206 atexit_cleanup WARNING: Python is exiting with a DFK still running. You should call parsl.dfk().cleanup() before exiting to release any resources
