Downloading data from https://s3.amazonaws.com/img-datasets/mnist.npz

    8192/11490434 [..............................] - ETA: 11:25
   24576/11490434 [..............................] - ETA: 5:32 
   40960/11490434 [..............................] - ETA: 3:38
   73728/11490434 [..............................] - ETA: 2:39
   90112/11490434 [..............................] - ETA: 2:18
  180224/11490434 [..............................] - ETA: 1:26
  212992/11490434 [..............................] - ETA: 1:16
  368640/11490434 [..............................] - ETA: 51s 
  401408/11490434 [>.............................] - ETA: 49s
  581632/11490434 [>.............................] - ETA: 38s
  614400/11490434 [>.............................] - ETA: 37s
  786432/11490434 [=>............................] - ETA: 31s
  835584/11490434 [=>............................] - ETA: 31s
  974848/11490434 [=>............................] - ETA: 27s
 1032192/11490434 [=>............................] - ETA: 27s
 1064960/11490434 [=>............................] - ETA: 27s
 1187840/11490434 [==>...........................] - ETA: 24s
 1253376/11490434 [==>...........................] - ETA: 24s
 1310720/11490434 [==>...........................] - ETA: 24s
 1392640/11490434 [==>...........................] - ETA: 23s
 1515520/11490434 [==>...........................] - ETA: 22s
 1556480/11490434 [===>..........................] - ETA: 22s
 1638400/11490434 [===>..........................] - ETA: 21s
 1777664/11490434 [===>..........................] - ETA: 20s
 1835008/11490434 [===>..........................] - ETA: 20s
 1916928/11490434 [====>.........................] - ETA: 19s
 2056192/11490434 [====>.........................] - ETA: 18s
 2088960/11490434 [====>.........................] - ETA: 18s
 2113536/11490434 [====>.........................] - ETA: 19s
 2211840/11490434 [====>.........................] - ETA: 18s
 2351104/11490434 [=====>........................] - ETA: 17s
 2408448/11490434 [=====>........................] - ETA: 17s
 2506752/11490434 [=====>........................] - ETA: 16s
 2613248/11490434 [=====>........................] - ETA: 16s
 2670592/11490434 [=====>........................] - ETA: 16s
 2719744/11490434 [======>.......................] - ETA: 16s
 2809856/11490434 [======>.......................] - ETA: 15s
 2908160/11490434 [======>.......................] - ETA: 15s
 2981888/11490434 [======>.......................] - ETA: 15s
 3014656/11490434 [======>.......................] - ETA: 15s
 3031040/11490434 [======>.......................] - ETA: 15s
 3153920/11490434 [=======>......................] - ETA: 14s
 3325952/11490434 [=======>......................] - ETA: 13s
 3383296/11490434 [=======>......................] - ETA: 13s
 3481600/11490434 [========>.....................] - ETA: 13s
 3620864/11490434 [========>.....................] - ETA: 12s
 3678208/11490434 [========>.....................] - ETA: 12s
 3727360/11490434 [========>.....................] - ETA: 12s
 3743744/11490434 [========>.....................] - ETA: 12s
 3817472/11490434 [========>.....................] - ETA: 12s
 3923968/11490434 [=========>....................] - ETA: 12s
 4005888/11490434 [=========>....................] - ETA: 11s
 4063232/11490434 [=========>....................] - ETA: 11s
 4112384/11490434 [=========>....................] - ETA: 11s
 4202496/11490434 [=========>....................] - ETA: 11s
 4317184/11490434 [==========>...................] - ETA: 10s
 4440064/11490434 [==========>...................] - ETA: 10s
 4497408/11490434 [==========>...................] - ETA: 10s
 4530176/11490434 [==========>...................] - ETA: 10s
 4620288/11490434 [===========>..................] - ETA: 10s
 4734976/11490434 [===========>..................] - ETA: 9s 
 4857856/11490434 [===========>..................] - ETA: 9s
 4874240/11490434 [===========>..................] - ETA: 9s
 4931584/11490434 [===========>..................] - ETA: 9s
 5013504/11490434 [============>.................] - ETA: 9s
 5177344/11490434 [============>.................] - ETA: 8s
 5292032/11490434 [============>.................] - ETA: 8s
 5316608/11490434 [============>.................] - ETA: 8s
 5365760/11490434 [=============>................] - ETA: 8s
 5455872/11490434 [=============>................] - ETA: 8s
 5570560/11490434 [=============>................] - ETA: 8s
 5677056/11490434 [=============>................] - ETA: 7s
 5750784/11490434 [==============>...............] - ETA: 7s
 5783552/11490434 [==============>...............] - ETA: 7s
 5816320/11490434 [==============>...............] - ETA: 7s
 5873664/11490434 [==============>...............] - ETA: 7s
 5955584/11490434 [==============>...............] - ETA: 7s
 6078464/11490434 [==============>...............] - ETA: 7s
 6168576/11490434 [===============>..............] - ETA: 7s
 6217728/11490434 [===============>..............] - ETA: 7s
 6250496/11490434 [===============>..............] - ETA: 7s
 6307840/11490434 [===============>..............] - ETA: 7s
 6356992/11490434 [===============>..............] - ETA: 6s
 6430720/11490434 [===============>..............] - ETA: 6s
 6529024/11490434 [================>.............] - ETA: 6s
 6619136/11490434 [================>.............] - ETA: 6s
 6725632/11490434 [================>.............] - ETA: 6s
 6774784/11490434 [================>.............] - ETA: 6s
 6848512/11490434 [================>.............] - ETA: 6s
 6946816/11490434 [=================>............] - ETA: 5s
 7086080/11490434 [=================>............] - ETA: 5s
 7208960/11490434 [=================>............] - ETA: 5s
 7241728/11490434 [=================>............] - ETA: 5s
 7282688/11490434 [==================>...........] - ETA: 5s
 7348224/11490434 [==================>...........] - ETA: 5s
 7421952/11490434 [==================>...........] - ETA: 5s
 7520256/11490434 [==================>...........] - ETA: 5s
 7675904/11490434 [===================>..........] - ETA: 4s
 7782400/11490434 [===================>..........] - ETA: 4s
 7798784/11490434 [===================>..........] - ETA: 4s
 7839744/11490434 [===================>..........] - ETA: 4s
 7905280/11490434 [===================>..........] - ETA: 4s
 7962624/11490434 [===================>..........] - ETA: 4s
 8060928/11490434 [====================>.........] - ETA: 4s
 8200192/11490434 [====================>.........] - ETA: 4s
 8314880/11490434 [====================>.........] - ETA: 3s
 8380416/11490434 [====================>.........] - ETA: 3s
 8413184/11490434 [====================>.........] - ETA: 3s
 8478720/11490434 [=====================>........] - ETA: 3s
 8544256/11490434 [=====================>........] - ETA: 3s
 8691712/11490434 [=====================>........] - ETA: 3s
 8839168/11490434 [======================>.......] - ETA: 3s
 8937472/11490434 [======================>.......] - ETA: 3s
 8986624/11490434 [======================>.......] - ETA: 2s
 9035776/11490434 [======================>.......] - ETA: 2s
 9117696/11490434 [======================>.......] - ETA: 2s
 9232384/11490434 [=======================>......] - ETA: 2s
 9363456/11490434 [=======================>......] - ETA: 2s
 9510912/11490434 [=======================>......] - ETA: 2s
 9641984/11490434 [========================>.....] - ETA: 2s
 9707520/11490434 [========================>.....] - ETA: 2s
 9773056/11490434 [========================>.....] - ETA: 1s
 9871360/11490434 [========================>.....] - ETA: 1s
10002432/11490434 [=========================>....] - ETA: 1s
10166272/11490434 [=========================>....] - ETA: 1s
10280960/11490434 [=========================>....] - ETA: 1s
10330112/11490434 [=========================>....] - ETA: 1s
10379264/11490434 [==========================>...] - ETA: 1s
10477568/11490434 [==========================>...] - ETA: 1s
10543104/11490434 [==========================>...] - ETA: 1s
10674176/11490434 [==========================>...] - ETA: 0s
10805248/11490434 [===========================>..] - ETA: 0s
10969088/11490434 [===========================>..] - ETA: 0s
11100160/11490434 [===========================>..] - ETA: 0s
11149312/11490434 [============================>.] - ETA: 0s
11264000/11490434 [============================>.] - ETA: 0s
11362304/11490434 [============================>.] - ETA: 0s
11476992/11490434 [============================>.] - ETA: 0s
11493376/11490434 [==============================] - 12s 1us/step
(60000, 28, 28)
preprocess_data.py:17: RuntimeWarning: cuNumeric has not implemented savez and is falling back to canonical NumPy. You may notice significantly decreased performance for this function call.
  np.savez(output_file, x_train=x_train, y_train=y_train)
