1722080806.835493 2024-07-27 19:46:46 MainProcess-1160565 MainThread-140435329689408 parsl.dataflow.dflow:98 __init__ INFO: Starting DataFlowKernel with config
Config(
    app_cache=True, 
    checkpoint_files=None, 
    checkpoint_mode=None, 
    checkpoint_period=None, 
    dependency_resolver=None, 
    executors=(ThreadPoolExecutor(
        label='threads', 
        max_threads=2, 
        storage_access=None, 
        thread_name_prefix='', 
        working_dir=None
    ),), 
    exit_mode='cleanup', 
    garbage_collect=True, 
    initialize_logging=True, 
    internal_tasks_max_threads=10, 
    max_idletime=120.0, 
    monitoring=None, 
    retries=0, 
    retry_handler=None, 
    run_dir='runinfo', 
    std_autopath=None, 
    strategy='simple', 
    strategy_period=5, 
    usage_tracking=0
)
1722080806.835674 2024-07-27 19:46:46 MainProcess-1160565 MainThread-140435329689408 parsl.dataflow.dflow:100 __init__ INFO: Parsl version: 2024.07.22
1722080806.835779 2024-07-27 19:46:46 MainProcess-1160565 MainThread-140435329689408 parsl.usage_tracking.usage:118 __init__ DEBUG: Tracking level: 0
1722080806.835867 2024-07-27 19:46:46 MainProcess-1160565 MainThread-140435329689408 parsl.dataflow.dflow:128 __init__ INFO: Run id is: 6f873c9f-76a6-44ad-be54-a2e4fc875962
1722080806.907220 2024-07-27 19:46:46 MainProcess-1160565 MainThread-140435329689408 parsl.dataflow.dflow:135 __init__ DEBUG: Considering candidate for workflow name: /home/ubuntu/miniconda3/envs/parsl/lib/python3.9/site-packages/parsl/dataflow/dflow.py
1722080806.907348 2024-07-27 19:46:46 MainProcess-1160565 MainThread-140435329689408 parsl.dataflow.dflow:135 __init__ DEBUG: Considering candidate for workflow name: /home/ubuntu/miniconda3/envs/parsl/lib/python3.9/site-packages/parsl/dataflow/dflow.py
1722080806.907400 2024-07-27 19:46:46 MainProcess-1160565 MainThread-140435329689408 parsl.dataflow.dflow:135 __init__ DEBUG: Considering candidate for workflow name: /home/ubuntu/data/test/parsl_pro/parsl_script.py
1722080806.907448 2024-07-27 19:46:46 MainProcess-1160565 MainThread-140435329689408 parsl.dataflow.dflow:141 __init__ DEBUG: Using parsl_script.py as workflow name
1722080806.907611 2024-07-27 19:46:46 MainProcess-1160565 MainThread-140435329689408 parsl.dataflow.memoization:163 __init__ INFO: App caching initialized
1722080806.907680 2024-07-27 19:46:46 MainProcess-1160565 MainThread-140435329689408 parsl.jobs.strategy:145 __init__ DEBUG: Scaling strategy: simple
1722080806.912005 2024-07-27 19:46:46 MainProcess-1160565 MainThread-140435329689408 parsl.dataflow.dflow:1016 submit DEBUG: Task 0 will be sent to executor threads
1722080806.912146 2024-07-27 19:46:46 MainProcess-1160565 MainThread-140435329689408 parsl.dataflow.dflow:818 _add_output_deps DEBUG: Adding output dependencies
1722080806.912212 2024-07-27 19:46:46 MainProcess-1160565 MainThread-140435329689408 parsl.dataflow.dflow:1067 submit DEBUG: Added output dependencies
1722080806.912266 2024-07-27 19:46:46 MainProcess-1160565 MainThread-140435329689408 parsl.dataflow.dflow:1080 submit DEBUG: Gathering dependencies
1722080806.912409 2024-07-27 19:46:46 MainProcess-1160565 MainThread-140435329689408 parsl.dataflow.dflow:1083 submit DEBUG: Gathered dependencies
1722080806.912486 2024-07-27 19:46:46 MainProcess-1160565 MainThread-140435329689408 parsl.dataflow.dflow:1098 submit INFO: Task 0 submitted for App install_flexflow, not waiting on any dependency
1722080806.912608 2024-07-27 19:46:46 MainProcess-1160565 MainThread-140435329689408 parsl.dataflow.dflow:1104 submit DEBUG: Task 0 set to pending state with AppFuture: <AppFuture at 0x7fb9a45b3f10 state=pending>
1722080806.913317 2024-07-27 19:46:46 MainProcess-1160565 Dependency-Launch_0-140435258627840 parsl.dataflow.memoization:222 check_memo DEBUG: Task 0 will not be memoized
1722080806.914361 2024-07-27 19:46:46 MainProcess-1160565 Dependency-Launch_0-140435258627840 parsl.dataflow.dflow:776 launch_task INFO: Parsl task 0 try 0 launched on executor threads
1722080806.914516 2024-07-27 19:46:46 MainProcess-1160565 Dependency-Launch_0-140435258627840 parsl.dataflow.dflow:1478 log_std_stream INFO: Standard out for task 0 will be redirected to install_flexflow.out
1722080806.914922 2024-07-27 19:46:46 MainProcess-1160565 Dependency-Launch_0-140435258627840 parsl.dataflow.dflow:1478 log_std_stream INFO: Standard error for task 0 will be redirected to install_flexflow.err
1722080806.915095 2024-07-27 19:46:46 MainProcess-1160565 Dependency-Launch_0-140435258627840 parsl.process_loggers:27 wrapped DEBUG: Normal ending for _launch_if_ready_async on thread Dependency-Launch_0
1722080811.908374 2024-07-27 19:46:51 MainProcess-1160565 JobStatusPoller-Timer-Thread-140435270183760-140435267020544 parsl.jobs.strategy:184 _general_strategy DEBUG: general strategy starting with strategy_type simple for 0 executors
1722080811.908668 2024-07-27 19:46:51 MainProcess-1160565 JobStatusPoller-Timer-Thread-140435270183760-140435267020544 parsl.process_loggers:27 wrapped DEBUG: Normal ending for _general_strategy on thread JobStatusPoller-Timer-Thread-140435270183760
1722080814.202234 2024-07-27 19:46:54 MainProcess-1160565 ThreadPoolExecutor-0_0-140435250235136 parsl.dataflow.dflow:597 _complete_task INFO: Task 0 completed (launched -> exec_done)
1722080814.202543 2024-07-27 19:46:54 MainProcess-1160565 ThreadPoolExecutor-0_0-140435250235136 parsl.dataflow.dflow:1478 log_std_stream INFO: Standard out for task 0 will be redirected to install_flexflow.out
1722080814.202690 2024-07-27 19:46:54 MainProcess-1160565 ThreadPoolExecutor-0_0-140435250235136 parsl.dataflow.dflow:1478 log_std_stream INFO: Standard error for task 0 will be redirected to install_flexflow.err
1722080814.203027 2024-07-27 19:46:54 MainProcess-1160565 MainThread-140435329689408 parsl.dataflow.dflow:1016 submit DEBUG: Task 1 will be sent to executor threads
1722080814.203363 2024-07-27 19:46:54 MainProcess-1160565 MainThread-140435329689408 parsl.dataflow.dflow:818 _add_output_deps DEBUG: Adding output dependencies
1722080814.203489 2024-07-27 19:46:54 MainProcess-1160565 MainThread-140435329689408 parsl.dataflow.dflow:1067 submit DEBUG: Added output dependencies
1722080814.203593 2024-07-27 19:46:54 MainProcess-1160565 MainThread-140435329689408 parsl.dataflow.dflow:1080 submit DEBUG: Gathering dependencies
1722080814.203713 2024-07-27 19:46:54 MainProcess-1160565 MainThread-140435329689408 parsl.dataflow.dflow:1083 submit DEBUG: Gathered dependencies
1722080814.203814 2024-07-27 19:46:54 MainProcess-1160565 MainThread-140435329689408 parsl.dataflow.dflow:1098 submit INFO: Task 1 submitted for App train_model, not waiting on any dependency
1722080814.203945 2024-07-27 19:46:54 MainProcess-1160565 MainThread-140435329689408 parsl.dataflow.dflow:1104 submit DEBUG: Task 1 set to pending state with AppFuture: <AppFuture at 0x7fb9a2570490 state=pending>
1722080814.204262 2024-07-27 19:46:54 MainProcess-1160565 Dependency-Launch_0-140435258627840 parsl.dataflow.memoization:222 check_memo DEBUG: Task 1 will not be memoized
1722080814.204412 2024-07-27 19:46:54 MainProcess-1160565 Dependency-Launch_0-140435258627840 parsl.dataflow.dflow:776 launch_task INFO: Parsl task 1 try 0 launched on executor threads
1722080814.204484 2024-07-27 19:46:54 MainProcess-1160565 Dependency-Launch_0-140435258627840 parsl.dataflow.dflow:1478 log_std_stream INFO: Standard out for task 1 will be redirected to train_model.out
1722080814.205002 2024-07-27 19:46:54 MainProcess-1160565 Dependency-Launch_0-140435258627840 parsl.dataflow.dflow:1478 log_std_stream INFO: Standard error for task 1 will be redirected to train_model.err
1722080814.205113 2024-07-27 19:46:54 MainProcess-1160565 Dependency-Launch_0-140435258627840 parsl.process_loggers:27 wrapped DEBUG: Normal ending for _launch_if_ready_async on thread Dependency-Launch_0
1722080815.249099 2024-07-27 19:46:55 MainProcess-1160565 ThreadPoolExecutor-0_0-140435250235136 parsl.app.errors:113 reraise DEBUG: Reraising exception of type <class 'parsl.app.errors.BashExitFailure'>
1722080815.249669 2024-07-27 19:46:55 MainProcess-1160565 ThreadPoolExecutor-0_0-140435250235136 parsl.dataflow.dflow:351 handle_exec_update INFO: Task 1 try 0 failed with exception of type BashExitFailure
1722080815.249880 2024-07-27 19:46:55 MainProcess-1160565 ThreadPoolExecutor-0_0-140435250235136 parsl.dataflow.dflow:397 handle_exec_update ERROR: Task 1 failed after 0 retry attempts
Traceback (most recent call last):
  File "/home/ubuntu/miniconda3/envs/parsl/lib/python3.9/site-packages/parsl/dataflow/dflow.py", line 348, in handle_exec_update
    res = self._unwrap_remote_exception_wrapper(future)
  File "/home/ubuntu/miniconda3/envs/parsl/lib/python3.9/site-packages/parsl/dataflow/dflow.py", line 618, in _unwrap_remote_exception_wrapper
    result.reraise()
  File "/home/ubuntu/miniconda3/envs/parsl/lib/python3.9/site-packages/parsl/app/errors.py", line 117, in reraise
    raise v
  File "/home/ubuntu/miniconda3/envs/parsl/lib/python3.9/site-packages/parsl/app/errors.py", line 141, in wrapper
    return func(*args, **kwargs)
  File "/home/ubuntu/miniconda3/envs/parsl/lib/python3.9/site-packages/parsl/app/bash.py", line 94, in remote_side_bash_executor
    raise pe.BashExitFailure(func_name, proc.returncode)
parsl.app.errors.BashExitFailure: bash_app train_model failed with unix exit code 134
1722080815.250903 2024-07-27 19:46:55 MainProcess-1160565 ThreadPoolExecutor-0_0-140435250235136 parsl.dataflow.dflow:1478 log_std_stream INFO: Standard out for task 1 will be redirected to train_model.out
1722080815.251160 2024-07-27 19:46:55 MainProcess-1160565 ThreadPoolExecutor-0_0-140435250235136 parsl.dataflow.dflow:1478 log_std_stream INFO: Standard error for task 1 will be redirected to train_model.err
1722080815.251600 2024-07-27 19:46:55 MainProcess-1160565 MainThread-140435329689408 parsl.dataflow.dflow:1206 atexit_cleanup WARNING: Python is exiting with a DFK still running. You should call parsl.dfk().cleanup() before exiting to release any resources
